{"meta": {"format": 3, "version": "7.13.5", "timestamp": "2026-05-20T11:55:24.264415", "branch_coverage": false, "show_contexts": false}, "files": {"app\\__init__.py": {"executed_lines": [3], "summary": {"covered_lines": 1, "num_statements": 1, "percent_covered": 100.0, "percent_covered_display": "100", "missing_lines": 0, "excluded_lines": 0, "percent_statements_covered": 100.0, "percent_statements_covered_display": "100"}, "missing_lines": [], "excluded_lines": [], "functions": {"": {"executed_lines": [3], "summary": {"covered_lines": 1, "num_statements": 1, "percent_covered": 100.0, "percent_covered_display": "100", "missing_lines": 0, "excluded_lines": 0, "percent_statements_covered": 100.0, "percent_statements_covered_display": "100"}, "missing_lines": [], "excluded_lines": [], "start_line": 1}}, "classes": {"": {"executed_lines": [3], "summary": {"covered_lines": 1, "num_statements": 1, "percent_covered": 100.0, "percent_covered_display": "100", "missing_lines": 0, "excluded_lines": 0, "percent_statements_covered": 100.0, "percent_statements_covered_display": "100"}, "missing_lines": [], "excluded_lines": [], "start_line": 1}}}, "app\\ai\\__init__.py": {"executed_lines": [], "summary": {"covered_lines": 0, "num_statements": 0, "percent_covered": 100.0, "percent_covered_display": "100", "missing_lines": 0, "excluded_lines": 0, "percent_statements_covered": 100.0, "percent_statements_covered_display": "100"}, "missing_lines": [], "excluded_lines": [], "functions": {"": {"executed_lines": [], "summary": {"covered_lines": 0, "num_statements": 0, "percent_covered": 100.0, "percent_covered_display": "100", "missing_lines": 0, "excluded_lines": 0, "percent_statements_covered": 100.0, "percent_statements_covered_display": "100"}, "missing_lines": [], "excluded_lines": [], "start_line": 1}}, "classes": {"": {"executed_lines": [], "summary": {"covered_lines": 0, "num_statements": 0, "percent_covered": 100.0, "percent_covered_display": "100", "missing_lines": 0, "excluded_lines": 0, "percent_statements_covered": 100.0, "percent_statements_covered_display": "100"}, "missing_lines": [], "excluded_lines": [], "start_line": 1}}}, "app\\ai\\context_builder.py": {"executed_lines": [3, 5, 7, 25], "summary": {"covered_lines": 4, "num_statements": 16, "percent_covered": 25.0, "percent_covered_display": "25", "missing_lines": 12, "excluded_lines": 0, "percent_statements_covered": 25.0, "percent_statements_covered_display": "25"}, "missing_lines": [32, 33, 34, 35, 36, 37, 38, 39, 40, 41, 43, 45], "excluded_lines": [], "functions": {"build_system_prompt": {"executed_lines": [], "summary": {"covered_lines": 0, "num_statements": 12, "percent_covered": 0.0, "percent_covered_display": "0", "missing_lines": 12, "excluded_lines": 0, "percent_statements_covered": 0.0, "percent_statements_covered_display": "0"}, "missing_lines": [32, 33, 34, 35, 36, 37, 38, 39, 40, 41, 43, 45], "excluded_lines": [], "start_line": 25}, "": {"executed_lines": [3, 5, 7, 25], "summary": {"covered_lines": 4, "num_statements": 4, "percent_covered": 100.0, "percent_covered_display": "100", "missing_lines": 0, "excluded_lines": 0, "percent_statements_covered": 100.0, "percent_statements_covered_display": "100"}, "missing_lines": [], "excluded_lines": [], "start_line": 1}}, "classes": {"": {"executed_lines": [3, 5, 7, 25], "summary": {"covered_lines": 4, "num_statements": 16, "percent_covered": 25.0, "percent_covered_display": "25", "missing_lines": 12, "excluded_lines": 0, "percent_statements_covered": 25.0, "percent_statements_covered_display": "25"}, "missing_lines": [32, 33, 34, 35, 36, 37, 38, 39, 40, 41, 43, 45], "excluded_lines": [], "start_line": 1}}}, "app\\ai\\engine.py": {"executed_lines": [10, 12, 14, 16, 18, 20, 23, 24, 28, 31, 39, 42, 67, 70, 88, 91, 108], "summary": {"covered_lines": 17, "num_statements": 53, "percent_covered": 32.075471698113205, "percent_covered_display": "32", "missing_lines": 36, "excluded_lines": 0, "percent_statements_covered": 32.075471698113205, "percent_statements_covered_display": "32"}, "missing_lines": [25, 32, 33, 43, 49, 50, 55, 56, 57, 58, 59, 62, 63, 64, 71, 72, 73, 74, 78, 79, 85, 92, 93, 94, 95, 99, 100, 105, 109, 110, 111, 112, 113, 114, 115, 116], "excluded_lines": [], "functions": {"BaseLLMEngine.chat": {"executed_lines": [], "summary": {"covered_lines": 0, "num_statements": 1, "percent_covered": 0.0, "percent_covered_display": "0", "missing_lines": 1, "excluded_lines": 0, "percent_statements_covered": 0.0, "percent_statements_covered_display": "0"}, "missing_lines": [25], "excluded_lines": [], "start_line": 24}, "EchoEngine.chat": {"executed_lines": [], "summary": {"covered_lines": 0, "num_statements": 2, "percent_covered": 0.0, "percent_covered_display": "0", "missing_lines": 2, "excluded_lines": 0, "percent_statements_covered": 0.0, "percent_statements_covered_display": "0"}, "missing_lines": [32, 33], "excluded_lines": [], "start_line": 31}, "OllamaEngine.chat": {"executed_lines": [], "summary": {"covered_lines": 0, "num_statements": 11, "percent_covered": 0.0, "percent_covered_display": "0", "missing_lines": 11, "excluded_lines": 0, "percent_statements_covered": 0.0, "percent_statements_covered_display": "0"}, "missing_lines": [43, 49, 50, 55, 56, 57, 58, 59, 62, 63, 64], "excluded_lines": [], "start_line": 42}, "AnthropicEngine.chat": {"executed_lines": [], "summary": {"covered_lines": 0, "num_statements": 7, "percent_covered": 0.0, "percent_covered_display": "0", "missing_lines": 7, "excluded_lines": 0, "percent_statements_covered": 0.0, "percent_statements_covered_display": "0"}, "missing_lines": [71, 72, 73, 74, 78, 79, 85], "excluded_lines": [], "start_line": 70}, "GroqEngine.chat": {"executed_lines": [], "summary": {"covered_lines": 0, "num_statements": 7, "percent_covered": 0.0, "percent_covered_display": "0", "missing_lines": 7, "excluded_lines": 0, "percent_statements_covered": 0.0, "percent_statements_covered_display": "0"}, "missing_lines": [92, 93, 94, 95, 99, 100, 105], "excluded_lines": [], "start_line": 91}, "get_engine": {"executed_lines": [], "summary": {"covered_lines": 0, "num_statements": 8, "percent_covered": 0.0, "percent_covered_display": "0", "missing_lines": 8, "excluded_lines": 0, "percent_statements_covered": 0.0, "percent_statements_covered_display": "0"}, "missing_lines": [109, 110, 111, 112, 113, 114, 115, 116], "excluded_lines": [], "start_line": 108}, "": {"executed_lines": [10, 12, 14, 16, 18, 20, 23, 24, 28, 31, 39, 42, 67, 70, 88, 91, 108], "summary": {"covered_lines": 17, "num_statements": 17, "percent_covered": 100.0, "percent_covered_display": "100", "missing_lines": 0, "excluded_lines": 0, "percent_statements_covered": 100.0, "percent_statements_covered_display": "100"}, "missing_lines": [], "excluded_lines": [], "start_line": 1}}, "classes": {"BaseLLMEngine": {"executed_lines": [], "summary": {"covered_lines": 0, "num_statements": 1, "percent_covered": 0.0, "percent_covered_display": "0", "missing_lines": 1, "excluded_lines": 0, "percent_statements_covered": 0.0, "percent_statements_covered_display": "0"}, "missing_lines": [25], "excluded_lines": [], "start_line": 23}, "EchoEngine": {"executed_lines": [], "summary": {"covered_lines": 0, "num_statements": 2, "percent_covered": 0.0, "percent_covered_display": "0", "missing_lines": 2, "excluded_lines": 0, "percent_statements_covered": 0.0, "percent_statements_covered_display": "0"}, "missing_lines": [32, 33], "excluded_lines": [], "start_line": 28}, "OllamaEngine": {"executed_lines": [], "summary": {"covered_lines": 0, "num_statements": 11, "percent_covered": 0.0, "percent_covered_display": "0", "missing_lines": 11, "excluded_lines": 0, "percent_statements_covered": 0.0, "percent_statements_covered_display": "0"}, "missing_lines": [43, 49, 50, 55, 56, 57, 58, 59, 62, 63, 64], "excluded_lines": [], "start_line": 39}, "AnthropicEngine": {"executed_lines": [], "summary": {"covered_lines": 0, "num_statements": 7, "percent_covered": 0.0, "percent_covered_display": "0", "missing_lines": 7, "excluded_lines": 0, "percent_statements_covered": 0.0, "percent_statements_covered_display": "0"}, "missing_lines": [71, 72, 73, 74, 78, 79, 85], "excluded_lines": [], "start_line": 67}, "GroqEngine": {"executed_lines": [], "summary": {"covered_lines": 0, "num_statements": 7, "percent_covered": 0.0, "percent_covered_display": "0", "missing_lines": 7, "excluded_lines": 0, "percent_statements_covered": 0.0, "percent_statements_covered_display": "0"}, "missing_lines": [92, 93, 94, 95, 99, 100, 105], "excluded_lines": [], "start_line": 88}, "": {"executed_lines": [10, 12, 14, 16, 18, 20, 23, 24, 28, 31, 39, 42, 67, 70, 88, 91, 108], "summary": {"covered_lines": 17, "num_statements": 25, "percent_covered": 68.0, "percent_covered_display": "68", "missing_lines": 8, "excluded_lines": 0, "percent_statements_covered": 68.0, "percent_statements_covered_display": "68"}, "missing_lines": [109, 110, 111, 112, 113, 114, 115, 116], "excluded_lines": [], "start_line": 1}}}, "app\\ai\\mention_parser.py": {"executed_lines": [3, 5, 6, 10, 12, 24, 25, 26, 27, 28, 31], "summary": {"covered_lines": 11, "num_statements": 18, "percent_covered": 61.111111111111114, "percent_covered_display": "61", "missing_lines": 7, "excluded_lines": 0, "percent_statements_covered": 61.111111111111114, "percent_statements_covered_display": "61"}, "missing_lines": [33, 34, 35, 36, 37, 38, 45], "excluded_lines": [], "functions": {"parse_mentions": {"executed_lines": [], "summary": {"covered_lines": 0, "num_statements": 7, "percent_covered": 0.0, "percent_covered_display": "0", "missing_lines": 7, "excluded_lines": 0, "percent_statements_covered": 0.0, "percent_statements_covered_display": "0"}, "missing_lines": [33, 34, 35, 36, 37, 38, 45], "excluded_lines": [], "start_line": 31}, "": {"executed_lines": [3, 5, 6, 10, 12, 24, 25, 26, 27, 28, 31], "summary": {"covered_lines": 11, "num_statements": 11, "percent_covered": 100.0, "percent_covered_display": "100", "missing_lines": 0, "excluded_lines": 0, "percent_statements_covered": 100.0, "percent_statements_covered_display": "100"}, "missing_lines": [], "excluded_lines": [], "start_line": 1}}, "classes": {"RawMention": {"executed_lines": [], "summary": {"covered_lines": 0, "num_statements": 0, "percent_covered": 100.0, "percent_covered_display": "100", "missing_lines": 0, "excluded_lines": 0, "percent_statements_covered": 100.0, "percent_statements_covered_display": "100"}, "missing_lines": [], "excluded_lines": [], "start_line": 25}, "": {"executed_lines": [3, 5, 6, 10, 12, 24, 25, 26, 27, 28, 31], "summary": {"covered_lines": 11, "num_statements": 18, "percent_covered": 61.111111111111114, "percent_covered_display": "61", "missing_lines": 7, "excluded_lines": 0, "percent_statements_covered": 61.111111111111114, "percent_statements_covered_display": "61"}, "missing_lines": [33, 34, 35, 36, 37, 38, 45], "excluded_lines": [], "start_line": 1}}}, "app\\ai\\mention_resolver.py": {"executed_lines": [3, 5, 6, 8, 10, 11, 12, 13, 14, 15, 16, 19, 20, 21, 22, 23, 24, 25, 26, 27, 28, 31, 35, 60, 85, 108, 132, 155, 175, 185, 213], "summary": {"covered_lines": 31, "num_statements": 98, "percent_covered": 31.632653061224488, "percent_covered_display": "32", "missing_lines": 67, "excluded_lines": 0, "percent_statements_covered": 31.632653061224488, "percent_statements_covered_display": "32"}, "missing_lines": [32, 36, 41, 42, 43, 44, 45, 46, 47, 48, 61, 67, 69, 70, 71, 72, 73, 86, 91, 92, 93, 94, 95, 96, 109, 117, 118, 119, 120, 133, 141, 142, 143, 156, 161, 162, 163, 191, 192, 193, 194, 195, 196, 197, 199, 210, 221, 222, 224, 225, 231, 233, 234, 241, 243, 244, 250, 252, 253, 262, 264, 265, 271, 273, 274, 280, 282], "excluded_lines": [], "functions": {"_ilike": {"executed_lines": [], "summary": {"covered_lines": 0, "num_statements": 1, "percent_covered": 0.0, "percent_covered_display": "0", "missing_lines": 1, "excluded_lines": 0, "percent_statements_covered": 0.0, "percent_statements_covered_display": "0"}, "missing_lines": [32], "excluded_lines": [], "start_line": 31}, "_resolve_client": {"executed_lines": [], "summary": {"covered_lines": 0, "num_statements": 9, "percent_covered": 0.0, "percent_covered_display": "0", "missing_lines": 9, "excluded_lines": 0, "percent_statements_covered": 0.0, "percent_statements_covered_display": "0"}, "missing_lines": [36, 41, 42, 43, 44, 45, 46, 47, 48], "excluded_lines": [], "start_line": 35}, "_resolve_lead": {"executed_lines": [], "summary": {"covered_lines": 0, "num_statements": 7, "percent_covered": 0.0, "percent_covered_display": "0", "missing_lines": 7, "excluded_lines": 0, "percent_statements_covered": 0.0, "percent_statements_covered_display": "0"}, "missing_lines": [61, 67, 69, 70, 71, 72, 73], "excluded_lines": [], "start_line": 60}, "_resolve_task": {"executed_lines": [], "summary": {"covered_lines": 0, "num_statements": 7, "percent_covered": 0.0, "percent_covered_display": "0", "missing_lines": 7, "excluded_lines": 0, "percent_statements_covered": 0.0, "percent_statements_covered_display": "0"}, "missing_lines": [86, 91, 92, 93, 94, 95, 96], "excluded_lines": [], "start_line": 85}, "_resolve_user": {"executed_lines": [], "summary": {"covered_lines": 0, "num_statements": 5, "percent_covered": 0.0, "percent_covered_display": "0", "missing_lines": 5, "excluded_lines": 0, "percent_statements_covered": 0.0, "percent_statements_covered_display": "0"}, "missing_lines": [109, 117, 118, 119, 120], "excluded_lines": [], "start_line": 108}, "_resolve_product": {"executed_lines": [], "summary": {"covered_lines": 0, "num_statements": 4, "percent_covered": 0.0, "percent_covered_display": "0", "missing_lines": 4, "excluded_lines": 0, "percent_statements_covered": 0.0, "percent_statements_covered_display": "0"}, "missing_lines": [133, 141, 142, 143], "excluded_lines": [], "start_line": 132}, "_resolve_supplier": {"executed_lines": [], "summary": {"covered_lines": 0, "num_statements": 4, "percent_covered": 0.0, "percent_covered_display": "0", "missing_lines": 4, "excluded_lines": 0, "percent_statements_covered": 0.0, "percent_statements_covered_display": "0"}, "missing_lines": [156, 161, 162, 163], "excluded_lines": [], "start_line": 155}, "resolve_mentions": {"executed_lines": [], "summary": {"covered_lines": 0, "num_statements": 9, "percent_covered": 0.0, "percent_covered_display": "0", "missing_lines": 9, "excluded_lines": 0, "percent_statements_covered": 0.0, "percent_statements_covered_display": "0"}, "missing_lines": [191, 192, 193, 194, 195, 196, 197, 199, 210], "excluded_lines": [], "start_line": 185}, "search_mentions": {"executed_lines": [], "summary": {"covered_lines": 0, "num_statements": 21, "percent_covered": 0.0, "percent_covered_display": "0", "missing_lines": 21, "excluded_lines": 0, "percent_statements_covered": 0.0, "percent_statements_covered_display": "0"}, "missing_lines": [221, 222, 224, 225, 231, 233, 234, 241, 243, 244, 250, 252, 253, 262, 264, 265, 271, 273, 274, 280, 282], "excluded_lines": [], "start_line": 213}, "": {"executed_lines": [3, 5, 6, 8, 10, 11, 12, 13, 14, 15, 16, 19, 20, 21, 22, 23, 24, 25, 26, 27, 28, 31, 35, 60, 85, 108, 132, 155, 175, 185, 213], "summary": {"covered_lines": 31, "num_statements": 31, "percent_covered": 100.0, "percent_covered_display": "100", "missing_lines": 0, "excluded_lines": 0, "percent_statements_covered": 100.0, "percent_statements_covered_display": "100"}, "missing_lines": [], "excluded_lines": [], "start_line": 1}}, "classes": {"ResolvedMention": {"executed_lines": [], "summary": {"covered_lines": 0, "num_statements": 0, "percent_covered": 100.0, "percent_covered_display": "100", "missing_lines": 0, "excluded_lines": 0, "percent_statements_covered": 100.0, "percent_statements_covered_display": "100"}, "missing_lines": [], "excluded_lines": [], "start_line": 20}, "": {"executed_lines": [3, 5, 6, 8, 10, 11, 12, 13, 14, 15, 16, 19, 20, 21, 22, 23, 24, 25, 26, 27, 28, 31, 35, 60, 85, 108, 132, 155, 175, 185, 213], "summary": {"covered_lines": 31, "num_statements": 98, "percent_covered": 31.632653061224488, "percent_covered_display": "32", "missing_lines": 67, "excluded_lines": 0, "percent_statements_covered": 31.632653061224488, "percent_statements_covered_display": "32"}, "missing_lines": [32, 36, 41, 42, 43, 44, 45, 46, 47, 48, 61, 67, 69, 70, 71, 72, 73, 86, 91, 92, 93, 94, 95, 96, 109, 117, 118, 119, 120, 133, 141, 142, 143, 156, 161, 162, 163, 191, 192, 193, 194, 195, 196, 197, 199, 210, 221, 222, 224, 225, 231, 233, 234, 241, 243, 244, 250, 252, 253, 262, 264, 265, 271, 273, 274, 280, 282], "excluded_lines": [], "start_line": 1}}}, "app\\api\\__init__.py": {"executed_lines": [3, 22], "summary": {"covered_lines": 2, "num_statements": 2, "percent_covered": 100.0, "percent_covered_display": "100", "missing_lines": 0, "excluded_lines": 0, "percent_statements_covered": 100.0, "percent_statements_covered_display": "100"}, "missing_lines": [], "excluded_lines": [], "functions": {"": {"executed_lines": [3, 22], "summary": {"covered_lines": 2, "num_statements": 2, "percent_covered": 100.0, "percent_covered_display": "100", "missing_lines": 0, "excluded_lines": 0, "percent_statements_covered": 100.0, "percent_statements_covered_display": "100"}, "missing_lines": [], "excluded_lines": [], "start_line": 1}}, "classes": {"": {"executed_lines": [3, 22], "summary": {"covered_lines": 2, "num_statements": 2, "percent_covered": 100.0, "percent_covered_display": "100", "missing_lines": 0, "excluded_lines": 0, "percent_statements_covered": 100.0, "percent_statements_covered_display": "100"}, "missing_lines": [], "excluded_lines": [], "start_line": 1}}}, "app\\api\\admin.py": {"executed_lines": [3, 4, 6, 7, 8, 9, 11, 12, 13, 14, 15, 16, 17, 19, 24, 38, 39, 40, 41, 42, 43, 44, 46, 49, 50, 51, 52, 53, 54, 55, 56, 59, 60, 61, 62, 63, 64, 65, 66, 69, 70, 71, 72, 73, 74, 75, 76, 77, 78, 81, 82, 83, 84, 85, 86, 87, 88, 91, 92, 93, 94, 95, 96, 97, 102, 103, 130, 131, 161, 162, 201, 202, 228, 229, 262, 263], "summary": {"covered_lines": 76, "num_statements": 116, "percent_covered": 65.51724137931035, "percent_covered_display": "66", "missing_lines": 40, "excluded_lines": 0, "percent_statements_covered": 65.51724137931035, "percent_statements_covered_display": "66"}, "missing_lines": [28, 29, 33, 108, 109, 110, 111, 112, 113, 120, 138, 148, 168, 169, 170, 172, 173, 174, 176, 209, 210, 211, 213, 214, 215, 217, 238, 239, 240, 241, 242, 244, 246, 272, 273, 274, 275, 276, 278, 280], "excluded_lines": [], "functions": {"get_superadmin": {"executed_lines": [], "summary": {"covered_lines": 0, "num_statements": 3, "percent_covered": 0.0, "percent_covered_display": "0", "missing_lines": 3, "excluded_lines": 0, "percent_statements_covered": 0.0, "percent_statements_covered_display": "0"}, "missing_lines": [28, 29, 33], "excluded_lines": [], "start_line": 24}, "get_platform_stats": {"executed_lines": [], "summary": {"covered_lines": 0, "num_statements": 7, "percent_covered": 0.0, "percent_covered_display": "0", "missing_lines": 7, "excluded_lines": 0, "percent_statements_covered": 0.0, "percent_statements_covered_display": "0"}, "missing_lines": [108, 109, 110, 111, 112, 113, 120], "excluded_lines": [], "start_line": 103}, "list_tenants": {"executed_lines": [], "summary": {"covered_lines": 0, "num_statements": 2, "percent_covered": 0.0, "percent_covered_display": "0", "missing_lines": 2, "excluded_lines": 0, "percent_statements_covered": 0.0, "percent_statements_covered_display": "0"}, "missing_lines": [138, 148], "excluded_lines": [], "start_line": 131}, "get_tenant": {"executed_lines": [], "summary": {"covered_lines": 0, "num_statements": 7, "percent_covered": 0.0, "percent_covered_display": "0", "missing_lines": 7, "excluded_lines": 0, "percent_statements_covered": 0.0, "percent_statements_covered_display": "0"}, "missing_lines": [168, 169, 170, 172, 173, 174, 176], "excluded_lines": [], "start_line": 162}, "toggle_user_active": {"executed_lines": [], "summary": {"covered_lines": 0, "num_statements": 7, "percent_covered": 0.0, "percent_covered_display": "0", "missing_lines": 7, "excluded_lines": 0, "percent_statements_covered": 0.0, "percent_statements_covered_display": "0"}, "missing_lines": [209, 210, 211, 213, 214, 215, 217], "excluded_lines": [], "start_line": 202}, "list_events": {"executed_lines": [], "summary": {"covered_lines": 0, "num_statements": 7, "percent_covered": 0.0, "percent_covered_display": "0", "missing_lines": 7, "excluded_lines": 0, "percent_statements_covered": 0.0, "percent_statements_covered_display": "0"}, "missing_lines": [238, 239, 240, 241, 242, 244, 246], "excluded_lines": [], "start_line": 229}, "list_workflow_runs": {"executed_lines": [], "summary": {"covered_lines": 0, "num_statements": 7, "percent_covered": 0.0, "percent_covered_display": "0", "missing_lines": 7, "excluded_lines": 0, "percent_statements_covered": 0.0, "percent_statements_covered_display": "0"}, "missing_lines": [272, 273, 274, 275, 276, 278, 280], "excluded_lines": [], "start_line": 263}, "": {"executed_lines": [3, 4, 6, 7, 8, 9, 11, 12, 13, 14, 15, 16, 17, 19, 24, 38, 39, 40, 41, 42, 43, 44, 46, 49, 50, 51, 52, 53, 54, 55, 56, 59, 60, 61, 62, 63, 64, 65, 66, 69, 70, 71, 72, 73, 74, 75, 76, 77, 78, 81, 82, 83, 84, 85, 86, 87, 88, 91, 92, 93, 94, 95, 96, 97, 102, 103, 130, 131, 161, 162, 201, 202, 228, 229, 262, 263], "summary": {"covered_lines": 76, "num_statements": 76, "percent_covered": 100.0, "percent_covered_display": "100", "missing_lines": 0, "excluded_lines": 0, "percent_statements_covered": 100.0, "percent_statements_covered_display": "100"}, "missing_lines": [], "excluded_lines": [], "start_line": 1}}, "classes": {"TenantSummary": {"executed_lines": [], "summary": {"covered_lines": 0, "num_statements": 0, "percent_covered": 100.0, "percent_covered_display": "100", "missing_lines": 0, "excluded_lines": 0, "percent_statements_covered": 100.0, "percent_statements_covered_display": "100"}, "missing_lines": [], "excluded_lines": [], "start_line": 38}, "TenantDetail": {"executed_lines": [], "summary": {"covered_lines": 0, "num_statements": 0, "percent_covered": 100.0, "percent_covered_display": "100", "missing_lines": 0, "excluded_lines": 0, "percent_statements_covered": 100.0, "percent_statements_covered_display": "100"}, "missing_lines": [], "excluded_lines": [], "start_line": 49}, "UserAdminView": {"executed_lines": [], "summary": {"covered_lines": 0, "num_statements": 0, "percent_covered": 100.0, "percent_covered_display": "100", "missing_lines": 0, "excluded_lines": 0, "percent_statements_covered": 100.0, "percent_statements_covered_display": "100"}, "missing_lines": [], "excluded_lines": [], "start_line": 59}, "EventAdminView": {"executed_lines": [], "summary": {"covered_lines": 0, "num_statements": 0, "percent_covered": 100.0, "percent_covered_display": "100", "missing_lines": 0, "excluded_lines": 0, "percent_statements_covered": 100.0, "percent_statements_covered_display": "100"}, "missing_lines": [], "excluded_lines": [], "start_line": 69}, "WorkflowRunAdminView": {"executed_lines": [], "summary": {"covered_lines": 0, "num_statements": 0, "percent_covered": 100.0, "percent_covered_display": "100", "missing_lines": 0, "excluded_lines": 0, "percent_statements_covered": 100.0, "percent_statements_covered_display": "100"}, "missing_lines": [], "excluded_lines": [], "start_line": 81}, "PlatformStats": {"executed_lines": [], "summary": {"covered_lines": 0, "num_statements": 0, "percent_covered": 100.0, "percent_covered_display": "100", "missing_lines": 0, "excluded_lines": 0, "percent_statements_covered": 100.0, "percent_statements_covered_display": "100"}, "missing_lines": [], "excluded_lines": [], "start_line": 91}, "": {"executed_lines": [3, 4, 6, 7, 8, 9, 11, 12, 13, 14, 15, 16, 17, 19, 24, 38, 39, 40, 41, 42, 43, 44, 46, 49, 50, 51, 52, 53, 54, 55, 56, 59, 60, 61, 62, 63, 64, 65, 66, 69, 70, 71, 72, 73, 74, 75, 76, 77, 78, 81, 82, 83, 84, 85, 86, 87, 88, 91, 92, 93, 94, 95, 96, 97, 102, 103, 130, 131, 161, 162, 201, 202, 228, 229, 262, 263], "summary": {"covered_lines": 76, "num_statements": 116, "percent_covered": 65.51724137931035, "percent_covered_display": "66", "missing_lines": 40, "excluded_lines": 0, "percent_statements_covered": 65.51724137931035, "percent_statements_covered_display": "66"}, "missing_lines": [28, 29, 33, 108, 109, 110, 111, 112, 113, 120, 138, 148, 168, 169, 170, 172, 173, 174, 176, 209, 210, 211, 213, 214, 215, 217, 238, 239, 240, 241, 242, 244, 246, 272, 273, 274, 275, 276, 278, 280], "excluded_lines": [], "start_line": 1}}}, "app\\api\\auth.py": {"executed_lines": [3, 4, 5, 6, 8, 9, 10, 18, 19, 21, 22, 24, 25, 26, 27, 30, 33, 34, 45, 46, 57, 61, 62, 73, 77, 81, 82, 83, 90, 91, 92, 99, 100, 101, 102, 103, 104, 107, 108, 109, 116, 117, 118, 119, 120, 121, 122, 123, 124, 127, 128, 129, 165, 166, 174, 175, 176, 185, 186, 187, 188, 189, 196, 199, 200, 201, 207, 208, 209, 210, 211, 212], "summary": {"covered_lines": 72, "num_statements": 100, "percent_covered": 72.0, "percent_covered_display": "72", "missing_lines": 28, "excluded_lines": 0, "percent_statements_covered": 72.0, "percent_statements_covered_display": "72"}, "missing_lines": [58, 74, 78, 141, 142, 143, 144, 145, 147, 148, 149, 154, 155, 156, 157, 158, 159, 160, 161, 162, 168, 169, 170, 171, 190, 193, 194, 195], "excluded_lines": [], "functions": {"_set_refresh_cookie": {"executed_lines": [34], "summary": {"covered_lines": 1, "num_statements": 1, "percent_covered": 100.0, "percent_covered_display": "100", "missing_lines": 0, "excluded_lines": 0, "percent_statements_covered": 100.0, "percent_statements_covered_display": "100"}, "missing_lines": [], "excluded_lines": [], "start_line": 33}, "_set_access_cookie": {"executed_lines": [46], "summary": {"covered_lines": 1, "num_statements": 1, "percent_covered": 100.0, "percent_covered_display": "100", "missing_lines": 0, "excluded_lines": 0, "percent_statements_covered": 100.0, "percent_statements_covered_display": "100"}, "missing_lines": [], "excluded_lines": [], "start_line": 45}, "_clear_refresh_cookie": {"executed_lines": [], "summary": {"covered_lines": 0, "num_statements": 1, "percent_covered": 0.0, "percent_covered_display": "0", "missing_lines": 1, "excluded_lines": 0, "percent_statements_covered": 0.0, "percent_statements_covered_display": "0"}, "missing_lines": [58], "excluded_lines": [], "start_line": 57}, "_set_session_cookie": {"executed_lines": [62], "summary": {"covered_lines": 1, "num_statements": 1, "percent_covered": 100.0, "percent_covered_display": "100", "missing_lines": 0, "excluded_lines": 0, "percent_statements_covered": 100.0, "percent_statements_covered_display": "100"}, "missing_lines": [], "excluded_lines": [], "start_line": 61}, "_clear_access_cookie": {"executed_lines": [], "summary": {"covered_lines": 0, "num_statements": 1, "percent_covered": 0.0, "percent_covered_display": "0", "missing_lines": 1, "excluded_lines": 0, "percent_statements_covered": 0.0, "percent_statements_covered_display": "0"}, "missing_lines": [74], "excluded_lines": [], "start_line": 73}, "_clear_session_cookie": {"executed_lines": [], "summary": {"covered_lines": 0, "num_statements": 1, "percent_covered": 0.0, "percent_covered_display": "0", "missing_lines": 1, "excluded_lines": 0, "percent_statements_covered": 0.0, "percent_statements_covered_display": "0"}, "missing_lines": [78], "excluded_lines": [], "start_line": 77}, "register": {"executed_lines": [90, 91, 92, 99, 100, 101, 102, 103, 104], "summary": {"covered_lines": 9, "num_statements": 9, "percent_covered": 100.0, "percent_covered_display": "100", "missing_lines": 0, "excluded_lines": 0, "percent_statements_covered": 100.0, "percent_statements_covered_display": "100"}, "missing_lines": [], "excluded_lines": [], "start_line": 83}, "login": {"executed_lines": [116, 117, 118, 119, 120, 121, 122, 123, 124], "summary": {"covered_lines": 9, "num_statements": 9, "percent_covered": 100.0, "percent_covered_display": "100", "missing_lines": 0, "excluded_lines": 0, "percent_statements_covered": 100.0, "percent_statements_covered_display": "100"}, "missing_lines": [], "excluded_lines": [], "start_line": 109}, "refresh_token": {"executed_lines": [], "summary": {"covered_lines": 0, "num_statements": 17, "percent_covered": 0.0, "percent_covered_display": "0", "missing_lines": 17, "excluded_lines": 0, "percent_statements_covered": 0.0, "percent_statements_covered_display": "0"}, "missing_lines": [141, 142, 143, 144, 145, 147, 148, 149, 154, 155, 156, 157, 158, 159, 160, 161, 162], "excluded_lines": [], "start_line": 129}, "logout": {"executed_lines": [], "summary": {"covered_lines": 0, "num_statements": 4, "percent_covered": 0.0, "percent_covered_display": "0", "missing_lines": 4, "excluded_lines": 0, "percent_statements_covered": 0.0, "percent_statements_covered_display": "0"}, "missing_lines": [168, 169, 170, 171], "excluded_lines": [], "start_line": 166}, "request_password_reset": {"executed_lines": [185, 186, 187, 188, 189, 196], "summary": {"covered_lines": 6, "num_statements": 10, "percent_covered": 60.0, "percent_covered_display": "60", "missing_lines": 4, "excluded_lines": 0, "percent_statements_covered": 60.0, "percent_statements_covered_display": "60"}, "missing_lines": [190, 193, 194, 195], "excluded_lines": [], "start_line": 176}, "confirm_password_reset": {"executed_lines": [207, 208, 209, 210, 211, 212], "summary": {"covered_lines": 6, "num_statements": 6, "percent_covered": 100.0, "percent_covered_display": "100", "missing_lines": 0, "excluded_lines": 0, "percent_statements_covered": 100.0, "percent_statements_covered_display": "100"}, "missing_lines": [], "excluded_lines": [], "start_line": 201}, "": {"executed_lines": [3, 4, 5, 6, 8, 9, 10, 18, 19, 21, 22, 24, 25, 26, 27, 30, 33, 45, 57, 61, 73, 77, 81, 82, 83, 107, 108, 109, 127, 128, 129, 165, 166, 174, 175, 176, 199, 200, 201], "summary": {"covered_lines": 39, "num_statements": 39, "percent_covered": 100.0, "percent_covered_display": "100", "missing_lines": 0, "excluded_lines": 0, "percent_statements_covered": 100.0, "percent_statements_covered_display": "100"}, "missing_lines": [], "excluded_lines": [], "start_line": 1}}, "classes": {"": {"executed_lines": [3, 4, 5, 6, 8, 9, 10, 18, 19, 21, 22, 24, 25, 26, 27, 30, 33, 34, 45, 46, 57, 61, 62, 73, 77, 81, 82, 83, 90, 91, 92, 99, 100, 101, 102, 103, 104, 107, 108, 109, 116, 117, 118, 119, 120, 121, 122, 123, 124, 127, 128, 129, 165, 166, 174, 175, 176, 185, 186, 187, 188, 189, 196, 199, 200, 201, 207, 208, 209, 210, 211, 212], "summary": {"covered_lines": 72, "num_statements": 100, "percent_covered": 72.0, "percent_covered_display": "72", "missing_lines": 28, "excluded_lines": 0, "percent_statements_covered": 72.0, "percent_statements_covered_display": "72"}, "missing_lines": [58, 74, 78, 141, 142, 143, 144, 145, 147, 148, 149, 154, 155, 156, 157, 158, 159, 160, 161, 162, 168, 169, 170, 171, 190, 193, 194, 195], "excluded_lines": [], "start_line": 1}}}, "app\\api\\chat.py": {"executed_lines": [3, 4, 6, 7, 9, 10, 11, 12, 13, 14, 21, 23, 26, 27, 48, 49, 65, 66, 78, 79], "summary": {"covered_lines": 20, "num_statements": 38, "percent_covered": 52.63157894736842, "percent_covered_display": "53", "missing_lines": 18, "excluded_lines": 0, "percent_statements_covered": 52.63157894736842, "percent_statements_covered_display": "53"}, "missing_lines": [33, 34, 35, 36, 37, 43, 44, 45, 55, 56, 62, 71, 72, 73, 74, 75, 86, 92], "excluded_lines": [], "functions": {"send_message": {"executed_lines": [], "summary": {"covered_lines": 0, "num_statements": 8, "percent_covered": 0.0, "percent_covered_display": "0", "missing_lines": 8, "excluded_lines": 0, "percent_statements_covered": 0.0, "percent_statements_covered_display": "0"}, "missing_lines": [33, 34, 35, 36, 37, 43, 44, 45], "excluded_lines": [], "start_line": 27}, "list_conversations": {"executed_lines": [], "summary": {"covered_lines": 0, "num_statements": 3, "percent_covered": 0.0, "percent_covered_display": "0", "missing_lines": 3, "excluded_lines": 0, "percent_statements_covered": 0.0, "percent_statements_covered_display": "0"}, "missing_lines": [55, 56, 62], "excluded_lines": [], "start_line": 49}, "get_conversation": {"executed_lines": [], "summary": {"covered_lines": 0, "num_statements": 5, "percent_covered": 0.0, "percent_covered_display": "0", "missing_lines": 5, "excluded_lines": 0, "percent_statements_covered": 0.0, "percent_statements_covered_display": "0"}, "missing_lines": [71, 72, 73, 74, 75], "excluded_lines": [], "start_line": 66}, "search_mention": {"executed_lines": [], "summary": {"covered_lines": 0, "num_statements": 2, "percent_covered": 0.0, "percent_covered_display": "0", "missing_lines": 2, "excluded_lines": 0, "percent_statements_covered": 0.0, "percent_statements_covered_display": "0"}, "missing_lines": [86, 92], "excluded_lines": [], "start_line": 79}, "": {"executed_lines": [3, 4, 6, 7, 9, 10, 11, 12, 13, 14, 21, 23, 26, 27, 48, 49, 65, 66, 78, 79], "summary": {"covered_lines": 20, "num_statements": 20, "percent_covered": 100.0, "percent_covered_display": "100", "missing_lines": 0, "excluded_lines": 0, "percent_statements_covered": 100.0, "percent_statements_covered_display": "100"}, "missing_lines": [], "excluded_lines": [], "start_line": 1}}, "classes": {"": {"executed_lines": [3, 4, 6, 7, 9, 10, 11, 12, 13, 14, 21, 23, 26, 27, 48, 49, 65, 66, 78, 79], "summary": {"covered_lines": 20, "num_statements": 38, "percent_covered": 52.63157894736842, "percent_covered_display": "53", "missing_lines": 18, "excluded_lines": 0, "percent_statements_covered": 52.63157894736842, "percent_statements_covered_display": "53"}, "missing_lines": [33, 34, 35, 36, 37, 43, 44, 45, 55, 56, 62, 71, 72, 73, 74, 75, 86, 92], "excluded_lines": [], "start_line": 1}}}, "app\\api\\customers.py": {"executed_lines": [3, 4, 6, 7, 9, 10, 11, 12, 13, 14, 16, 22, 27, 28, 51, 52, 78, 79, 94, 95, 123, 124], "summary": {"covered_lines": 22, "num_statements": 73, "percent_covered": 30.136986301369863, "percent_covered_display": "30", "missing_lines": 51, "excluded_lines": 0, "percent_statements_covered": 30.136986301369863, "percent_statements_covered_display": "30"}, "missing_lines": [24, 37, 38, 39, 40, 41, 42, 43, 44, 45, 46, 47, 48, 63, 65, 66, 68, 70, 85, 86, 88, 89, 91, 105, 106, 107, 109, 110, 112, 113, 114, 115, 116, 117, 118, 119, 120, 133, 134, 135, 137, 138, 140, 141, 142, 143, 144, 145, 146, 147, 148], "excluded_lines": [], "functions": {"_customer_service": {"executed_lines": [], "summary": {"covered_lines": 0, "num_statements": 1, "percent_covered": 0.0, "percent_covered_display": "0", "missing_lines": 1, "excluded_lines": 0, "percent_statements_covered": 0.0, "percent_statements_covered_display": "0"}, "missing_lines": [24], "excluded_lines": [], "start_line": 22}, "create_customer": {"executed_lines": [], "summary": {"covered_lines": 0, "num_statements": 12, "percent_covered": 0.0, "percent_covered_display": "0", "missing_lines": 12, "excluded_lines": 0, "percent_statements_covered": 0.0, "percent_statements_covered_display": "0"}, "missing_lines": [37, 38, 39, 40, 41, 42, 43, 44, 45, 46, 47, 48], "excluded_lines": [], "start_line": 28}, "list_customers": {"executed_lines": [], "summary": {"covered_lines": 0, "num_statements": 5, "percent_covered": 0.0, "percent_covered_display": "0", "missing_lines": 5, "excluded_lines": 0, "percent_statements_covered": 0.0, "percent_statements_covered_display": "0"}, "missing_lines": [63, 65, 66, 68, 70], "excluded_lines": [], "start_line": 52}, "get_customer": {"executed_lines": [], "summary": {"covered_lines": 0, "num_statements": 5, "percent_covered": 0.0, "percent_covered_display": "0", "missing_lines": 5, "excluded_lines": 0, "percent_statements_covered": 0.0, "percent_statements_covered_display": "0"}, "missing_lines": [85, 86, 88, 89, 91], "excluded_lines": [], "start_line": 79}, "update_customer": {"executed_lines": [], "summary": {"covered_lines": 0, "num_statements": 14, "percent_covered": 0.0, "percent_covered_display": "0", "missing_lines": 14, "excluded_lines": 0, "percent_statements_covered": 0.0, "percent_statements_covered_display": "0"}, "missing_lines": [105, 106, 107, 109, 110, 112, 113, 114, 115, 116, 117, 118, 119, 120], "excluded_lines": [], "start_line": 95}, "delete_customer": {"executed_lines": [], "summary": {"covered_lines": 0, "num_statements": 14, "percent_covered": 0.0, "percent_covered_display": "0", "missing_lines": 14, "excluded_lines": 0, "percent_statements_covered": 0.0, "percent_statements_covered_display": "0"}, "missing_lines": [133, 134, 135, 137, 138, 140, 141, 142, 143, 144, 145, 146, 147, 148], "excluded_lines": [], "start_line": 124}, "": {"executed_lines": [3, 4, 6, 7, 9, 10, 11, 12, 13, 14, 16, 22, 27, 28, 51, 52, 78, 79, 94, 95, 123, 124], "summary": {"covered_lines": 22, "num_statements": 22, "percent_covered": 100.0, "percent_covered_display": "100", "missing_lines": 0, "excluded_lines": 0, "percent_statements_covered": 100.0, "percent_statements_covered_display": "100"}, "missing_lines": [], "excluded_lines": [], "start_line": 1}}, "classes": {"": {"executed_lines": [3, 4, 6, 7, 9, 10, 11, 12, 13, 14, 16, 22, 27, 28, 51, 52, 78, 79, 94, 95, 123, 124], "summary": {"covered_lines": 22, "num_statements": 73, "percent_covered": 30.136986301369863, "percent_covered_display": "30", "missing_lines": 51, "excluded_lines": 0, "percent_statements_covered": 30.136986301369863, "percent_statements_covered_display": "30"}, "missing_lines": [24, 37, 38, 39, 40, 41, 42, 43, 44, 45, 46, 47, 48, 63, 65, 66, 68, 70, 85, 86, 88, 89, 91, 105, 106, 107, 109, 110, 112, 113, 114, 115, 116, 117, 118, 119, 120, 133, 134, 135, 137, 138, 140, 141, 142, 143, 144, 145, 146, 147, 148], "excluded_lines": [], "start_line": 1}}}, "app\\api\\dashboard.py": {"executed_lines": [3, 5, 7, 8, 10, 11, 12, 13, 14, 16, 19, 20], "summary": {"covered_lines": 12, "num_statements": 15, "percent_covered": 80.0, "percent_covered_display": "80", "missing_lines": 3, "excluded_lines": 0, "percent_statements_covered": 80.0, "percent_statements_covered_display": "80"}, "missing_lines": [24, 25, 26], "excluded_lines": [], "functions": {"get_dashboard": {"executed_lines": [], "summary": {"covered_lines": 0, "num_statements": 3, "percent_covered": 0.0, "percent_covered_display": "0", "missing_lines": 3, "excluded_lines": 0, "percent_statements_covered": 0.0, "percent_statements_covered_display": "0"}, "missing_lines": [24, 25, 26], "excluded_lines": [], "start_line": 20}, "": {"executed_lines": [3, 5, 7, 8, 10, 11, 12, 13, 14, 16, 19, 20], "summary": {"covered_lines": 12, "num_statements": 12, "percent_covered": 100.0, "percent_covered_display": "100", "missing_lines": 0, "excluded_lines": 0, "percent_statements_covered": 100.0, "percent_statements_covered_display": "100"}, "missing_lines": [], "excluded_lines": [], "start_line": 1}}, "classes": {"": {"executed_lines": [3, 5, 7, 8, 10, 11, 12, 13, 14, 16, 19, 20], "summary": {"covered_lines": 12, "num_statements": 15, "percent_covered": 80.0, "percent_covered_display": "80", "missing_lines": 3, "excluded_lines": 0, "percent_statements_covered": 80.0, "percent_statements_covered_display": "80"}, "missing_lines": [24, 25, 26], "excluded_lines": [], "start_line": 1}}}, "app\\api\\events.py": {"executed_lines": [3, 4, 6, 7, 9, 10, 11, 12, 13, 14, 16, 22, 23, 41, 42, 79, 80, 95, 96, 120, 121], "summary": {"covered_lines": 21, "num_statements": 57, "percent_covered": 36.8421052631579, "percent_covered_display": "37", "missing_lines": 36, "excluded_lines": 0, "percent_statements_covered": 36.8421052631579, "percent_statements_covered_display": "37"}, "missing_lines": [33, 34, 35, 36, 37, 38, 57, 59, 60, 61, 62, 63, 64, 65, 67, 68, 69, 71, 86, 87, 89, 90, 92, 105, 106, 107, 108, 109, 110, 111, 112, 114, 115, 117, 134, 135], "excluded_lines": [], "functions": {"create_event": {"executed_lines": [], "summary": {"covered_lines": 0, "num_statements": 6, "percent_covered": 0.0, "percent_covered_display": "0", "missing_lines": 6, "excluded_lines": 0, "percent_statements_covered": 0.0, "percent_statements_covered_display": "0"}, "missing_lines": [33, 34, 35, 36, 37, 38], "excluded_lines": [], "start_line": 23}, "list_events": {"executed_lines": [], "summary": {"covered_lines": 0, "num_statements": 12, "percent_covered": 0.0, "percent_covered_display": "0", "missing_lines": 12, "excluded_lines": 0, "percent_statements_covered": 0.0, "percent_statements_covered_display": "0"}, "missing_lines": [57, 59, 60, 61, 62, 63, 64, 65, 67, 68, 69, 71], "excluded_lines": [], "start_line": 42}, "get_event": {"executed_lines": [], "summary": {"covered_lines": 0, "num_statements": 5, "percent_covered": 0.0, "percent_covered_display": "0", "missing_lines": 5, "excluded_lines": 0, "percent_statements_covered": 0.0, "percent_statements_covered_display": "0"}, "missing_lines": [86, 87, 89, 90, 92], "excluded_lines": [], "start_line": 80}, "mark_event_dispatched": {"executed_lines": [], "summary": {"covered_lines": 0, "num_statements": 11, "percent_covered": 0.0, "percent_covered_display": "0", "missing_lines": 11, "excluded_lines": 0, "percent_statements_covered": 0.0, "percent_statements_covered_display": "0"}, "missing_lines": [105, 106, 107, 108, 109, 110, 111, 112, 114, 115, 117], "excluded_lines": [], "start_line": 96}, "get_audit_trail": {"executed_lines": [], "summary": {"covered_lines": 0, "num_statements": 2, "percent_covered": 0.0, "percent_covered_display": "0", "missing_lines": 2, "excluded_lines": 0, "percent_statements_covered": 0.0, "percent_statements_covered_display": "0"}, "missing_lines": [134, 135], "excluded_lines": [], "start_line": 121}, "": {"executed_lines": [3, 4, 6, 7, 9, 10, 11, 12, 13, 14, 16, 22, 23, 41, 42, 79, 80, 95, 96, 120, 121], "summary": {"covered_lines": 21, "num_statements": 21, "percent_covered": 100.0, "percent_covered_display": "100", "missing_lines": 0, "excluded_lines": 0, "percent_statements_covered": 100.0, "percent_statements_covered_display": "100"}, "missing_lines": [], "excluded_lines": [], "start_line": 1}}, "classes": {"": {"executed_lines": [3, 4, 6, 7, 9, 10, 11, 12, 13, 14, 16, 22, 23, 41, 42, 79, 80, 95, 96, 120, 121], "summary": {"covered_lines": 21, "num_statements": 57, "percent_covered": 36.8421052631579, "percent_covered_display": "37", "missing_lines": 36, "excluded_lines": 0, "percent_statements_covered": 36.8421052631579, "percent_statements_covered_display": "37"}, "missing_lines": [33, 34, 35, 36, 37, 38, 57, 59, 60, 61, 62, 63, 64, 65, 67, 68, 69, 71, 86, 87, 89, 90, 92, 105, 106, 107, 108, 109, 110, 111, 112, 114, 115, 117, 134, 135], "excluded_lines": [], "start_line": 1}}}, "app\\api\\finance.py": {"executed_lines": [3, 5, 6, 7, 8, 9, 10, 11, 13, 14, 15, 16, 18, 19, 20, 21, 22, 23, 24, 35, 37, 39, 41, 44, 45, 49, 59, 60, 77, 78, 79, 80, 81, 82, 83, 84, 85, 88, 89, 90, 91, 92, 93, 94, 95, 96, 97, 99, 100, 101, 102, 105, 106, 107, 108, 113, 114, 119, 120, 122, 133, 143, 154, 165, 166, 170, 176, 177, 182, 183, 184, 185, 186, 187, 190, 191, 197, 198, 202, 203, 204, 205, 206, 207, 208, 213, 214, 223, 224, 226, 228, 230, 231, 232, 238, 239, 276, 277, 282, 288, 289, 290, 291, 296, 299, 300, 306, 307, 310, 312, 313, 314, 315, 316, 317, 321, 324, 325, 330, 331, 334, 336, 337, 338, 339, 340, 341, 342], "summary": {"covered_lines": 128, "num_statements": 156, "percent_covered": 82.05128205128206, "percent_covered_display": "82", "missing_lines": 28, "excluded_lines": 0, "percent_statements_covered": 82.05128205128206, "percent_statements_covered_display": "82"}, "missing_lines": [46, 69, 70, 71, 72, 73, 74, 86, 225, 227, 229, 247, 248, 249, 250, 251, 252, 253, 254, 256, 257, 258, 259, 260, 268, 269, 311, 335], "excluded_lines": [], "functions": {"_require_manager": {"executed_lines": [45], "summary": {"covered_lines": 1, "num_statements": 2, "percent_covered": 50.0, "percent_covered_display": "50", "missing_lines": 1, "excluded_lines": 0, "percent_statements_covered": 50.0, "percent_statements_covered_display": "50"}, "missing_lines": [46], "excluded_lines": [], "start_line": 44}, "_emit": {"executed_lines": [59, 60], "summary": {"covered_lines": 2, "num_statements": 8, "percent_covered": 25.0, "percent_covered_display": "25", "missing_lines": 6, "excluded_lines": 0, "percent_statements_covered": 25.0, "percent_statements_covered_display": "25"}, "missing_lines": [69, 70, 71, 72, 73, 74], "excluded_lines": [], "start_line": 49}, "_period_bounds": {"executed_lines": [78, 79, 80, 81, 82, 83, 84, 85, 88, 89, 90, 91, 92, 93, 94, 95, 96, 97, 99, 100, 101, 102], "summary": {"covered_lines": 22, "num_statements": 23, "percent_covered": 95.65217391304348, "percent_covered_display": "96", "missing_lines": 1, "excluded_lines": 0, "percent_statements_covered": 95.65217391304348, "percent_statements_covered_display": "96"}, "missing_lines": [86], "excluded_lines": [], "start_line": 77}, "_expense_out": {"executed_lines": [106, 107, 108], "summary": {"covered_lines": 3, "num_statements": 3, "percent_covered": 100.0, "percent_covered_display": "100", "missing_lines": 0, "excluded_lines": 0, "percent_statements_covered": 100.0, "percent_statements_covered_display": "100"}, "missing_lines": [], "excluded_lines": [], "start_line": 105}, "get_summary": {"executed_lines": [119, 120, 122, 133, 143, 154], "summary": {"covered_lines": 6, "num_statements": 6, "percent_covered": 100.0, "percent_covered_display": "100", "missing_lines": 0, "excluded_lines": 0, "percent_statements_covered": 100.0, "percent_statements_covered_display": "100"}, "missing_lines": [], "excluded_lines": [], "start_line": 114}, "list_categories": {"executed_lines": [170], "summary": {"covered_lines": 1, "num_statements": 1, "percent_covered": 100.0, "percent_covered_display": "100", "missing_lines": 0, "excluded_lines": 0, "percent_statements_covered": 100.0, "percent_statements_covered_display": "100"}, "missing_lines": [], "excluded_lines": [], "start_line": 166}, "create_category": {"executed_lines": [182, 183, 184, 185, 186, 187], "summary": {"covered_lines": 6, "num_statements": 6, "percent_covered": 100.0, "percent_covered_display": "100", "missing_lines": 0, "excluded_lines": 0, "percent_statements_covered": 100.0, "percent_statements_covered_display": "100"}, "missing_lines": [], "excluded_lines": [], "start_line": 177}, "update_category": {"executed_lines": [197, 198, 202, 203, 204, 205, 206, 207, 208], "summary": {"covered_lines": 9, "num_statements": 9, "percent_covered": 100.0, "percent_covered_display": "100", "missing_lines": 0, "excluded_lines": 0, "percent_statements_covered": 100.0, "percent_statements_covered_display": "100"}, "missing_lines": [], "excluded_lines": [], "start_line": 191}, "list_expenses": {"executed_lines": [223, 224, 226, 228, 230, 231, 232], "summary": {"covered_lines": 7, "num_statements": 10, "percent_covered": 70.0, "percent_covered_display": "70", "missing_lines": 3, "excluded_lines": 0, "percent_statements_covered": 70.0, "percent_statements_covered_display": "70"}, "missing_lines": [225, 227, 229], "excluded_lines": [], "start_line": 214}, "export_expenses": {"executed_lines": [], "summary": {"covered_lines": 0, "num_statements": 15, "percent_covered": 0.0, "percent_covered_display": "0", "missing_lines": 15, "excluded_lines": 0, "percent_statements_covered": 0.0, "percent_statements_covered_display": "0"}, "missing_lines": [247, 248, 249, 250, 251, 252, 253, 254, 256, 257, 258, 259, 260, 268, 269], "excluded_lines": [], "start_line": 239}, "create_expense": {"executed_lines": [282, 288, 289, 290, 291, 296], "summary": {"covered_lines": 6, "num_statements": 6, "percent_covered": 100.0, "percent_covered_display": "100", "missing_lines": 0, "excluded_lines": 0, "percent_statements_covered": 100.0, "percent_statements_covered_display": "100"}, "missing_lines": [], "excluded_lines": [], "start_line": 277}, "update_expense": {"executed_lines": [306, 307, 310, 312, 313, 314, 315, 316, 317, 321], "summary": {"covered_lines": 10, "num_statements": 11, "percent_covered": 90.9090909090909, "percent_covered_display": "91", "missing_lines": 1, "excluded_lines": 0, "percent_statements_covered": 90.9090909090909, "percent_statements_covered_display": "91"}, "missing_lines": [311], "excluded_lines": [], "start_line": 300}, "delete_expense": {"executed_lines": [330, 331, 334, 336, 337, 338, 339, 340, 341, 342], "summary": {"covered_lines": 10, "num_statements": 11, "percent_covered": 90.9090909090909, "percent_covered_display": "91", "missing_lines": 1, "excluded_lines": 0, "percent_statements_covered": 90.9090909090909, "percent_statements_covered_display": "91"}, "missing_lines": [335], "excluded_lines": [], "start_line": 325}, "": {"executed_lines": [3, 5, 6, 7, 8, 9, 10, 11, 13, 14, 15, 16, 18, 19, 20, 21, 22, 23, 24, 35, 37, 39, 41, 44, 49, 77, 105, 113, 114, 165, 166, 176, 177, 190, 191, 213, 214, 238, 239, 276, 277, 299, 300, 324, 325], "summary": {"covered_lines": 45, "num_statements": 45, "percent_covered": 100.0, "percent_covered_display": "100", "missing_lines": 0, "excluded_lines": 0, "percent_statements_covered": 100.0, "percent_statements_covered_display": "100"}, "missing_lines": [], "excluded_lines": [], "start_line": 1}}, "classes": {"": {"executed_lines": [3, 5, 6, 7, 8, 9, 10, 11, 13, 14, 15, 16, 18, 19, 20, 21, 22, 23, 24, 35, 37, 39, 41, 44, 45, 49, 59, 60, 77, 78, 79, 80, 81, 82, 83, 84, 85, 88, 89, 90, 91, 92, 93, 94, 95, 96, 97, 99, 100, 101, 102, 105, 106, 107, 108, 113, 114, 119, 120, 122, 133, 143, 154, 165, 166, 170, 176, 177, 182, 183, 184, 185, 186, 187, 190, 191, 197, 198, 202, 203, 204, 205, 206, 207, 208, 213, 214, 223, 224, 226, 228, 230, 231, 232, 238, 239, 276, 277, 282, 288, 289, 290, 291, 296, 299, 300, 306, 307, 310, 312, 313, 314, 315, 316, 317, 321, 324, 325, 330, 331, 334, 336, 337, 338, 339, 340, 341, 342], "summary": {"covered_lines": 128, "num_statements": 156, "percent_covered": 82.05128205128206, "percent_covered_display": "82", "missing_lines": 28, "excluded_lines": 0, "percent_statements_covered": 82.05128205128206, "percent_statements_covered_display": "82"}, "missing_lines": [46, 69, 70, 71, 72, 73, 74, 86, 225, 227, 229, 247, 248, 249, 250, 251, 252, 253, 254, 256, 257, 258, 259, 260, 268, 269, 311, 335], "excluded_lines": [], "start_line": 1}}}, "app\\api\\hr.py": {"executed_lines": [3, 5, 6, 7, 8, 9, 10, 12, 13, 14, 16, 17, 18, 19, 20, 21, 39, 40, 42, 44, 47, 48, 52, 62, 63, 80, 81, 82, 83, 84, 89, 90, 94, 100, 106, 108, 109, 113, 116, 117, 122, 123, 124, 125, 126, 127, 128, 129, 132, 133, 139, 140, 144, 146, 147, 148, 149, 150, 151, 156, 161, 162, 170, 171, 172, 173, 175, 176, 177, 183, 184, 189, 192, 194, 197, 198, 203, 204, 205, 206, 207, 215, 216, 217, 221, 224, 225, 231, 232, 235, 237, 238, 239, 240, 241, 242, 246, 249, 250, 272, 273, 277, 283, 284, 289, 290, 291, 292, 293, 294, 299, 300, 301, 302, 303, 304, 307, 308, 333, 334, 339, 343, 345, 346, 347, 348, 355, 356, 357, 362, 365, 366, 372, 373, 379, 381, 382, 383, 384, 385, 386, 387, 388, 394, 395, 396, 400, 405, 414, 415, 416, 419, 420, 421, 422, 423, 424, 425, 426, 427, 428, 432, 433, 436, 437, 442, 444, 449, 450, 452, 457, 468, 469, 471, 472, 473, 475, 476, 477, 478, 479, 480, 482, 498, 499, 500, 501, 503, 504, 505, 506, 507, 510, 511, 512, 519, 524, 528, 529, 530, 531, 532, 533, 534, 535, 536, 537, 540, 541, 545, 546, 549, 550, 551, 552, 553, 554, 557, 558, 563, 564, 568, 570, 573, 574, 579, 580, 581, 582, 583, 584, 585, 586, 587, 590, 591, 596, 597, 601, 603, 605, 606, 607, 608, 609, 610, 615], "summary": {"covered_lines": 247, "num_statements": 286, "percent_covered": 86.36363636363636, "percent_covered_display": "86", "missing_lines": 39, "excluded_lines": 0, "percent_statements_covered": 86.36363636363636, "percent_statements_covered_display": "86"}, "missing_lines": [49, 72, 73, 74, 75, 76, 77, 110, 111, 112, 145, 174, 193, 236, 255, 256, 259, 260, 261, 262, 263, 264, 265, 316, 321, 322, 323, 324, 325, 326, 327, 344, 380, 429, 525, 526, 569, 602, 604], "excluded_lines": [], "functions": {"_require_manager": {"executed_lines": [48], "summary": {"covered_lines": 1, "num_statements": 2, "percent_covered": 50.0, "percent_covered_display": "50", "missing_lines": 1, "excluded_lines": 0, "percent_statements_covered": 50.0, "percent_statements_covered_display": "50"}, "missing_lines": [49], "excluded_lines": [], "start_line": 47}, "_emit": {"executed_lines": [62, 63], "summary": {"covered_lines": 2, "num_statements": 8, "percent_covered": 25.0, "percent_covered_display": "25", "missing_lines": 6, "excluded_lines": 0, "percent_statements_covered": 25.0, "percent_statements_covered_display": "25"}, "missing_lines": [72, 73, 74, 75, 76, 77], "excluded_lines": [], "start_line": 52}, "_employee_out": {"executed_lines": [81, 82, 83, 84], "summary": {"covered_lines": 4, "num_statements": 4, "percent_covered": 100.0, "percent_covered_display": "100", "missing_lines": 0, "excluded_lines": 0, "percent_statements_covered": 100.0, "percent_statements_covered_display": "100"}, "missing_lines": [], "excluded_lines": [], "start_line": 80}, "list_departments": {"executed_lines": [94, 100, 106, 108, 109, 113], "summary": {"covered_lines": 6, "num_statements": 9, "percent_covered": 66.66666666666667, "percent_covered_display": "67", "missing_lines": 3, "excluded_lines": 0, "percent_statements_covered": 66.66666666666667, "percent_statements_covered_display": "67"}, "missing_lines": [110, 111, 112], "excluded_lines": [], "start_line": 90}, "create_department": {"executed_lines": [122, 123, 124, 125, 126, 127, 128, 129], "summary": {"covered_lines": 8, "num_statements": 8, "percent_covered": 100.0, "percent_covered_display": "100", "missing_lines": 0, "excluded_lines": 0, "percent_statements_covered": 100.0, "percent_statements_covered_display": "100"}, "missing_lines": [], "excluded_lines": [], "start_line": 117}, "update_department": {"executed_lines": [139, 140, 144, 146, 147, 148, 149, 150, 151, 156], "summary": {"covered_lines": 10, "num_statements": 11, "percent_covered": 90.9090909090909, "percent_covered_display": "91", "missing_lines": 1, "excluded_lines": 0, "percent_statements_covered": 90.9090909090909, "percent_statements_covered_display": "91"}, "missing_lines": [145], "excluded_lines": [], "start_line": 133}, "list_employees": {"executed_lines": [170, 171, 172, 173, 175, 176, 177], "summary": {"covered_lines": 7, "num_statements": 8, "percent_covered": 87.5, "percent_covered_display": "88", "missing_lines": 1, "excluded_lines": 0, "percent_statements_covered": 87.5, "percent_statements_covered_display": "88"}, "missing_lines": [174], "excluded_lines": [], "start_line": 162}, "get_employee": {"executed_lines": [189, 192, 194], "summary": {"covered_lines": 3, "num_statements": 4, "percent_covered": 75.0, "percent_covered_display": "75", "missing_lines": 1, "excluded_lines": 0, "percent_statements_covered": 75.0, "percent_statements_covered_display": "75"}, "missing_lines": [193], "excluded_lines": [], "start_line": 184}, "create_employee": {"executed_lines": [203, 204, 205, 206, 207, 215, 216, 217, 221], "summary": {"covered_lines": 9, "num_statements": 9, "percent_covered": 100.0, "percent_covered_display": "100", "missing_lines": 0, "excluded_lines": 0, "percent_statements_covered": 100.0, "percent_statements_covered_display": "100"}, "missing_lines": [], "excluded_lines": [], "start_line": 198}, "update_employee": {"executed_lines": [231, 232, 235, 237, 238, 239, 240, 241, 242, 246], "summary": {"covered_lines": 10, "num_statements": 11, "percent_covered": 90.9090909090909, "percent_covered_display": "91", "missing_lines": 1, "excluded_lines": 0, "percent_statements_covered": 90.9090909090909, "percent_statements_covered_display": "91"}, "missing_lines": [236], "excluded_lines": [], "start_line": 225}, "delete_employee": {"executed_lines": [], "summary": {"covered_lines": 0, "num_statements": 9, "percent_covered": 0.0, "percent_covered_display": "0", "missing_lines": 9, "excluded_lines": 0, "percent_statements_covered": 0.0, "percent_statements_covered_display": "0"}, "missing_lines": [255, 256, 259, 260, 261, 262, 263, 264, 265], "excluded_lines": [], "start_line": 250}, "list_leave_types": {"executed_lines": [277], "summary": {"covered_lines": 1, "num_statements": 1, "percent_covered": 100.0, "percent_covered_display": "100", "missing_lines": 0, "excluded_lines": 0, "percent_statements_covered": 100.0, "percent_statements_covered_display": "100"}, "missing_lines": [], "excluded_lines": [], "start_line": 273}, "create_leave_type": {"executed_lines": [289, 290, 291, 292, 293, 294], "summary": {"covered_lines": 6, "num_statements": 6, "percent_covered": 100.0, "percent_covered_display": "100", "missing_lines": 0, "excluded_lines": 0, "percent_statements_covered": 100.0, "percent_statements_covered_display": "100"}, "missing_lines": [], "excluded_lines": [], "start_line": 284}, "_leave_out": {"executed_lines": [300, 301, 302, 303, 304], "summary": {"covered_lines": 5, "num_statements": 5, "percent_covered": 100.0, "percent_covered_display": "100", "missing_lines": 0, "excluded_lines": 0, "percent_statements_covered": 100.0, "percent_statements_covered_display": "100"}, "missing_lines": [], "excluded_lines": [], "start_line": 299}, "list_leave_requests": {"executed_lines": [], "summary": {"covered_lines": 0, "num_statements": 8, "percent_covered": 0.0, "percent_covered_display": "0", "missing_lines": 8, "excluded_lines": 0, "percent_statements_covered": 0.0, "percent_statements_covered_display": "0"}, "missing_lines": [316, 321, 322, 323, 324, 325, 326, 327], "excluded_lines": [], "start_line": 308}, "create_leave_request": {"executed_lines": [339, 343, 345, 346, 347, 348, 355, 356, 357, 362], "summary": {"covered_lines": 10, "num_statements": 11, "percent_covered": 90.9090909090909, "percent_covered_display": "91", "missing_lines": 1, "excluded_lines": 0, "percent_statements_covered": 90.9090909090909, "percent_statements_covered_display": "91"}, "missing_lines": [344], "excluded_lines": [], "start_line": 334}, "update_leave_status": {"executed_lines": [372, 373, 379, 381, 382, 383, 384, 385, 386, 387, 388, 394, 395, 396, 400], "summary": {"covered_lines": 15, "num_statements": 16, "percent_covered": 93.75, "percent_covered_display": "94", "missing_lines": 1, "excluded_lines": 0, "percent_statements_covered": 93.75, "percent_statements_covered_display": "94"}, "missing_lines": [380], "excluded_lines": [], "start_line": 366}, "_calc_paye": {"executed_lines": [420, 421, 422, 423, 424, 425, 426, 427, 428], "summary": {"covered_lines": 9, "num_statements": 10, "percent_covered": 90.0, "percent_covered_display": "90", "missing_lines": 1, "excluded_lines": 0, "percent_statements_covered": 90.0, "percent_statements_covered_display": "90"}, "missing_lines": [429], "excluded_lines": [], "start_line": 419}, "_calc_uif": {"executed_lines": [433], "summary": {"covered_lines": 1, "num_statements": 1, "percent_covered": 100.0, "percent_covered_display": "100", "missing_lines": 0, "excluded_lines": 0, "percent_statements_covered": 100.0, "percent_statements_covered_display": "100"}, "missing_lines": [], "excluded_lines": [], "start_line": 432}, "generate_payroll": {"executed_lines": [442, 444, 449, 450, 452, 457, 468, 469, 471, 472, 473, 475, 476, 477, 478, 479, 480, 482, 498, 499, 500, 501, 503, 504, 505, 506, 507, 510, 511, 512, 519, 524, 528, 529, 530, 531, 532, 533, 534, 535, 536, 537], "summary": {"covered_lines": 42, "num_statements": 44, "percent_covered": 95.45454545454545, "percent_covered_display": "95", "missing_lines": 2, "excluded_lines": 0, "percent_statements_covered": 95.45454545454545, "percent_statements_covered_display": "95"}, "missing_lines": [525, 526], "excluded_lines": [], "start_line": 437}, "list_payroll_periods": {"executed_lines": [545, 546, 549, 550, 551, 552, 553, 554], "summary": {"covered_lines": 8, "num_statements": 8, "percent_covered": 100.0, "percent_covered_display": "100", "missing_lines": 0, "excluded_lines": 0, "percent_statements_covered": 100.0, "percent_statements_covered_display": "100"}, "missing_lines": [], "excluded_lines": [], "start_line": 541}, "get_payroll_period": {"executed_lines": [563, 564, 568, 570, 573, 574, 579, 580, 581, 582, 583, 584, 585, 586, 587], "summary": {"covered_lines": 15, "num_statements": 16, "percent_covered": 93.75, "percent_covered_display": "94", "missing_lines": 1, "excluded_lines": 0, "percent_statements_covered": 93.75, "percent_statements_covered_display": "94"}, "missing_lines": [569], "excluded_lines": [], "start_line": 558}, "approve_payroll": {"executed_lines": [596, 597, 601, 603, 605, 606, 607, 608, 609, 610, 615], "summary": {"covered_lines": 11, "num_statements": 13, "percent_covered": 84.61538461538461, "percent_covered_display": "85", "missing_lines": 2, "excluded_lines": 0, "percent_statements_covered": 84.61538461538461, "percent_statements_covered_display": "85"}, "missing_lines": [602, 604], "excluded_lines": [], "start_line": 591}, "": {"executed_lines": [3, 5, 6, 7, 8, 9, 10, 12, 13, 14, 16, 17, 18, 19, 20, 21, 39, 40, 42, 44, 47, 52, 80, 89, 90, 116, 117, 132, 133, 161, 162, 183, 184, 197, 198, 224, 225, 249, 250, 272, 273, 283, 284, 299, 307, 308, 333, 334, 365, 366, 405, 414, 415, 416, 419, 432, 436, 437, 540, 541, 557, 558, 590, 591], "summary": {"covered_lines": 64, "num_statements": 64, "percent_covered": 100.0, "percent_covered_display": "100", "missing_lines": 0, "excluded_lines": 0, "percent_statements_covered": 100.0, "percent_statements_covered_display": "100"}, "missing_lines": [], "excluded_lines": [], "start_line": 1}}, "classes": {"": {"executed_lines": [3, 5, 6, 7, 8, 9, 10, 12, 13, 14, 16, 17, 18, 19, 20, 21, 39, 40, 42, 44, 47, 48, 52, 62, 63, 80, 81, 82, 83, 84, 89, 90, 94, 100, 106, 108, 109, 113, 116, 117, 122, 123, 124, 125, 126, 127, 128, 129, 132, 133, 139, 140, 144, 146, 147, 148, 149, 150, 151, 156, 161, 162, 170, 171, 172, 173, 175, 176, 177, 183, 184, 189, 192, 194, 197, 198, 203, 204, 205, 206, 207, 215, 216, 217, 221, 224, 225, 231, 232, 235, 237, 238, 239, 240, 241, 242, 246, 249, 250, 272, 273, 277, 283, 284, 289, 290, 291, 292, 293, 294, 299, 300, 301, 302, 303, 304, 307, 308, 333, 334, 339, 343, 345, 346, 347, 348, 355, 356, 357, 362, 365, 366, 372, 373, 379, 381, 382, 383, 384, 385, 386, 387, 388, 394, 395, 396, 400, 405, 414, 415, 416, 419, 420, 421, 422, 423, 424, 425, 426, 427, 428, 432, 433, 436, 437, 442, 444, 449, 450, 452, 457, 468, 469, 471, 472, 473, 475, 476, 477, 478, 479, 480, 482, 498, 499, 500, 501, 503, 504, 505, 506, 507, 510, 511, 512, 519, 524, 528, 529, 530, 531, 532, 533, 534, 535, 536, 537, 540, 541, 545, 546, 549, 550, 551, 552, 553, 554, 557, 558, 563, 564, 568, 570, 573, 574, 579, 580, 581, 582, 583, 584, 585, 586, 587, 590, 591, 596, 597, 601, 603, 605, 606, 607, 608, 609, 610, 615], "summary": {"covered_lines": 247, "num_statements": 286, "percent_covered": 86.36363636363636, "percent_covered_display": "86", "missing_lines": 39, "excluded_lines": 0, "percent_statements_covered": 86.36363636363636, "percent_statements_covered_display": "86"}, "missing_lines": [49, 72, 73, 74, 75, 76, 77, 110, 111, 112, 145, 174, 193, 236, 255, 256, 259, 260, 261, 262, 263, 264, 265, 316, 321, 322, 323, 324, 325, 326, 327, 344, 380, 429, 525, 526, 569, 602, 604], "excluded_lines": [], "start_line": 1}}}, "app\\api\\inventory.py": {"executed_lines": [3, 4, 6, 7, 9, 10, 11, 12, 19, 20, 22, 28, 37, 38, 58, 59, 71, 72, 85, 86, 109, 110, 137, 138], "summary": {"covered_lines": 24, "num_statements": 85, "percent_covered": 28.235294117647058, "percent_covered_display": "28", "missing_lines": 61, "excluded_lines": 0, "percent_statements_covered": 28.235294117647058, "percent_statements_covered_display": "28"}, "missing_lines": [29, 44, 45, 46, 47, 48, 49, 50, 51, 52, 53, 54, 55, 66, 67, 68, 78, 79, 80, 81, 82, 93, 94, 95, 96, 97, 98, 99, 100, 101, 102, 103, 104, 105, 106, 116, 117, 118, 119, 120, 121, 122, 123, 124, 125, 126, 127, 128, 129, 144, 145, 146, 147, 148, 149, 150, 151, 152, 153, 154, 155], "excluded_lines": [], "functions": {"_inventory_service": {"executed_lines": [], "summary": {"covered_lines": 0, "num_statements": 1, "percent_covered": 0.0, "percent_covered_display": "0", "missing_lines": 1, "excluded_lines": 0, "percent_statements_covered": 0.0, "percent_statements_covered_display": "0"}, "missing_lines": [29], "excluded_lines": [], "start_line": 28}, "create_location": {"executed_lines": [], "summary": {"covered_lines": 0, "num_statements": 12, "percent_covered": 0.0, "percent_covered_display": "0", "missing_lines": 12, "excluded_lines": 0, "percent_statements_covered": 0.0, "percent_statements_covered_display": "0"}, "missing_lines": [44, 45, 46, 47, 48, 49, 50, 51, 52, 53, 54, 55], "excluded_lines": [], "start_line": 38}, "list_locations": {"executed_lines": [], "summary": {"covered_lines": 0, "num_statements": 3, "percent_covered": 0.0, "percent_covered_display": "0", "missing_lines": 3, "excluded_lines": 0, "percent_statements_covered": 0.0, "percent_statements_covered_display": "0"}, "missing_lines": [66, 67, 68], "excluded_lines": [], "start_line": 59}, "get_location": {"executed_lines": [], "summary": {"covered_lines": 0, "num_statements": 5, "percent_covered": 0.0, "percent_covered_display": "0", "missing_lines": 5, "excluded_lines": 0, "percent_statements_covered": 0.0, "percent_statements_covered_display": "0"}, "missing_lines": [78, 79, 80, 81, 82], "excluded_lines": [], "start_line": 72}, "update_location": {"executed_lines": [], "summary": {"covered_lines": 0, "num_statements": 14, "percent_covered": 0.0, "percent_covered_display": "0", "missing_lines": 14, "excluded_lines": 0, "percent_statements_covered": 0.0, "percent_statements_covered_display": "0"}, "missing_lines": [93, 94, 95, 96, 97, 98, 99, 100, 101, 102, 103, 104, 105, 106], "excluded_lines": [], "start_line": 86}, "delete_location": {"executed_lines": [], "summary": {"covered_lines": 0, "num_statements": 14, "percent_covered": 0.0, "percent_covered_display": "0", "missing_lines": 14, "excluded_lines": 0, "percent_statements_covered": 0.0, "percent_statements_covered_display": "0"}, "missing_lines": [116, 117, 118, 119, 120, 121, 122, 123, 124, 125, 126, 127, 128, 129], "excluded_lines": [], "start_line": 110}, "adjust_stock": {"executed_lines": [], "summary": {"covered_lines": 0, "num_statements": 12, "percent_covered": 0.0, "percent_covered_display": "0", "missing_lines": 12, "excluded_lines": 0, "percent_statements_covered": 0.0, "percent_statements_covered_display": "0"}, "missing_lines": [144, 145, 146, 147, 148, 149, 150, 151, 152, 153, 154, 155], "excluded_lines": [], "start_line": 138}, "": {"executed_lines": [3, 4, 6, 7, 9, 10, 11, 12, 19, 20, 22, 28, 37, 38, 58, 59, 71, 72, 85, 86, 109, 110, 137, 138], "summary": {"covered_lines": 24, "num_statements": 24, "percent_covered": 100.0, "percent_covered_display": "100", "missing_lines": 0, "excluded_lines": 0, "percent_statements_covered": 100.0, "percent_statements_covered_display": "100"}, "missing_lines": [], "excluded_lines": [], "start_line": 1}}, "classes": {"": {"executed_lines": [3, 4, 6, 7, 9, 10, 11, 12, 19, 20, 22, 28, 37, 38, 58, 59, 71, 72, 85, 86, 109, 110, 137, 138], "summary": {"covered_lines": 24, "num_statements": 85, "percent_covered": 28.235294117647058, "percent_covered_display": "28", "missing_lines": 61, "excluded_lines": 0, "percent_statements_covered": 28.235294117647058, "percent_statements_covered_display": "28"}, "missing_lines": [29, 44, 45, 46, 47, 48, 49, 50, 51, 52, 53, 54, 55, 66, 67, 68, 78, 79, 80, 81, 82, 93, 94, 95, 96, 97, 98, 99, 100, 101, 102, 103, 104, 105, 106, 116, 117, 118, 119, 120, 121, 122, 123, 124, 125, 126, 127, 128, 129, 144, 145, 146, 147, 148, 149, 150, 151, 152, 153, 154, 155], "excluded_lines": [], "start_line": 1}}}, "app\\api\\invoice.py": {"executed_lines": [3, 5, 6, 7, 8, 9, 10, 11, 13, 14, 15, 16, 18, 19, 20, 21, 22, 23, 30, 31, 32, 34, 36, 38, 41, 42, 46, 56, 57, 74, 75, 78, 81, 84, 85, 86, 87, 88, 89, 90, 91, 92, 93, 103, 104, 105, 106, 107, 110, 111, 112, 114, 117, 118, 126, 127, 128, 129, 131, 132, 133, 134, 135, 136, 138, 139, 142, 143, 187, 188, 193, 196, 197, 198, 201, 202, 208, 211, 212, 214, 215, 216, 217, 227, 307, 310, 311, 353, 354, 359, 360, 361, 364, 366, 382, 383, 384, 385, 386, 387, 388, 393, 396, 397, 403, 404, 407, 409, 410, 411, 412, 413, 414, 415, 416, 422, 427, 428, 429, 432, 433, 438, 439, 442, 444, 445, 446, 447, 448, 449, 450, 451], "summary": {"covered_lines": 132, "num_statements": 167, "percent_covered": 79.04191616766467, "percent_covered_display": "79", "missing_lines": 35, "excluded_lines": 0, "percent_statements_covered": 79.04191616766467, "percent_statements_covered_display": "79"}, "missing_lines": [43, 66, 67, 68, 69, 70, 71, 113, 130, 137, 150, 151, 152, 153, 154, 155, 157, 158, 159, 165, 166, 179, 180, 317, 318, 321, 322, 323, 324, 327, 335, 345, 350, 408, 443], "excluded_lines": [], "functions": {"_require_manager": {"executed_lines": [42], "summary": {"covered_lines": 1, "num_statements": 2, "percent_covered": 50.0, "percent_covered_display": "50", "missing_lines": 1, "excluded_lines": 0, "percent_statements_covered": 50.0, "percent_statements_covered_display": "50"}, "missing_lines": [43], "excluded_lines": [], "start_line": 41}, "_emit": {"executed_lines": [56, 57], "summary": {"covered_lines": 2, "num_statements": 8, "percent_covered": 25.0, "percent_covered_display": "25", "missing_lines": 6, "excluded_lines": 0, "percent_statements_covered": 25.0, "percent_statements_covered_display": "25"}, "missing_lines": [66, 67, 68, 69, 70, 71], "excluded_lines": [], "start_line": 46}, "_next_invoice_number": {"executed_lines": [75, 78], "summary": {"covered_lines": 2, "num_statements": 2, "percent_covered": 100.0, "percent_covered_display": "100", "missing_lines": 0, "excluded_lines": 0, "percent_statements_covered": 100.0, "percent_statements_covered_display": "100"}, "missing_lines": [], "excluded_lines": [], "start_line": 74}, "_build_line_items": {"executed_lines": [84, 85, 86, 87, 88, 89, 90, 91, 92, 93, 103, 104, 105, 106, 107], "summary": {"covered_lines": 15, "num_statements": 15, "percent_covered": 100.0, "percent_covered_display": "100", "missing_lines": 0, "excluded_lines": 0, "percent_statements_covered": 100.0, "percent_statements_covered_display": "100"}, "missing_lines": [], "excluded_lines": [], "start_line": 81}, "_invoice_out": {"executed_lines": [111, 112, 114], "summary": {"covered_lines": 3, "num_statements": 4, "percent_covered": 75.0, "percent_covered_display": "75", "missing_lines": 1, "excluded_lines": 0, "percent_statements_covered": 75.0, "percent_statements_covered_display": "75"}, "missing_lines": [113], "excluded_lines": [], "start_line": 110}, "list_invoices": {"executed_lines": [126, 127, 128, 129, 131, 132, 133, 134, 135, 136, 138, 139], "summary": {"covered_lines": 12, "num_statements": 14, "percent_covered": 85.71428571428571, "percent_covered_display": "86", "missing_lines": 2, "excluded_lines": 0, "percent_statements_covered": 85.71428571428571, "percent_statements_covered_display": "86"}, "missing_lines": [130, 137], "excluded_lines": [], "start_line": 118}, "export_invoices": {"executed_lines": [], "summary": {"covered_lines": 0, "num_statements": 13, "percent_covered": 0.0, "percent_covered_display": "0", "missing_lines": 13, "excluded_lines": 0, "percent_statements_covered": 0.0, "percent_statements_covered_display": "0"}, "missing_lines": [150, 151, 152, 153, 154, 155, 157, 158, 159, 165, 166, 179, 180], "excluded_lines": [], "start_line": 143}, "get_invoice": {"executed_lines": [193, 196, 197, 198], "summary": {"covered_lines": 4, "num_statements": 4, "percent_covered": 100.0, "percent_covered_display": "100", "missing_lines": 0, "excluded_lines": 0, "percent_statements_covered": 100.0, "percent_statements_covered_display": "100"}, "missing_lines": [], "excluded_lines": [], "start_line": 188}, "invoice_pdf": {"executed_lines": [208, 211, 212, 214, 215, 216, 217, 227, 307], "summary": {"covered_lines": 9, "num_statements": 9, "percent_covered": 100.0, "percent_covered_display": "100", "missing_lines": 0, "excluded_lines": 0, "percent_statements_covered": 100.0, "percent_statements_covered_display": "100"}, "missing_lines": [], "excluded_lines": [], "start_line": 202}, "send_invoice_by_email": {"executed_lines": [], "summary": {"covered_lines": 0, "num_statements": 10, "percent_covered": 0.0, "percent_covered_display": "0", "missing_lines": 10, "excluded_lines": 0, "percent_statements_covered": 0.0, "percent_statements_covered_display": "0"}, "missing_lines": [317, 318, 321, 322, 323, 324, 327, 335, 345, 350], "excluded_lines": [], "start_line": 311}, "create_invoice": {"executed_lines": [359, 360, 361, 364, 366, 382, 383, 384, 385, 386, 387, 388, 393], "summary": {"covered_lines": 13, "num_statements": 13, "percent_covered": 100.0, "percent_covered_display": "100", "missing_lines": 0, "excluded_lines": 0, "percent_statements_covered": 100.0, "percent_statements_covered_display": "100"}, "missing_lines": [], "excluded_lines": [], "start_line": 354}, "update_invoice_status": {"executed_lines": [403, 404, 407, 409, 410, 411, 412, 413, 414, 415, 416, 422, 427, 428, 429], "summary": {"covered_lines": 15, "num_statements": 16, "percent_covered": 93.75, "percent_covered_display": "94", "missing_lines": 1, "excluded_lines": 0, "percent_statements_covered": 93.75, "percent_statements_covered_display": "94"}, "missing_lines": [408], "excluded_lines": [], "start_line": 397}, "delete_invoice": {"executed_lines": [438, 439, 442, 444, 445, 446, 447, 448, 449, 450, 451], "summary": {"covered_lines": 11, "num_statements": 12, "percent_covered": 91.66666666666667, "percent_covered_display": "92", "missing_lines": 1, "excluded_lines": 0, "percent_statements_covered": 91.66666666666667, "percent_statements_covered_display": "92"}, "missing_lines": [443], "excluded_lines": [], "start_line": 433}, "": {"executed_lines": [3, 5, 6, 7, 8, 9, 10, 11, 13, 14, 15, 16, 18, 19, 20, 21, 22, 23, 30, 31, 32, 34, 36, 38, 41, 46, 74, 81, 110, 117, 118, 142, 143, 187, 188, 201, 202, 310, 311, 353, 354, 396, 397, 432, 433], "summary": {"covered_lines": 45, "num_statements": 45, "percent_covered": 100.0, "percent_covered_display": "100", "missing_lines": 0, "excluded_lines": 0, "percent_statements_covered": 100.0, "percent_statements_covered_display": "100"}, "missing_lines": [], "excluded_lines": [], "start_line": 1}}, "classes": {"": {"executed_lines": [3, 5, 6, 7, 8, 9, 10, 11, 13, 14, 15, 16, 18, 19, 20, 21, 22, 23, 30, 31, 32, 34, 36, 38, 41, 42, 46, 56, 57, 74, 75, 78, 81, 84, 85, 86, 87, 88, 89, 90, 91, 92, 93, 103, 104, 105, 106, 107, 110, 111, 112, 114, 117, 118, 126, 127, 128, 129, 131, 132, 133, 134, 135, 136, 138, 139, 142, 143, 187, 188, 193, 196, 197, 198, 201, 202, 208, 211, 212, 214, 215, 216, 217, 227, 307, 310, 311, 353, 354, 359, 360, 361, 364, 366, 382, 383, 384, 385, 386, 387, 388, 393, 396, 397, 403, 404, 407, 409, 410, 411, 412, 413, 414, 415, 416, 422, 427, 428, 429, 432, 433, 438, 439, 442, 444, 445, 446, 447, 448, 449, 450, 451], "summary": {"covered_lines": 132, "num_statements": 167, "percent_covered": 79.04191616766467, "percent_covered_display": "79", "missing_lines": 35, "excluded_lines": 0, "percent_statements_covered": 79.04191616766467, "percent_statements_covered_display": "79"}, "missing_lines": [43, 66, 67, 68, 69, 70, 71, 113, 130, 137, 150, 151, 152, 153, 154, 155, 157, 158, 159, 165, 166, 179, 180, 317, 318, 321, 322, 323, 324, 327, 335, 345, 350, 408, 443], "excluded_lines": [], "start_line": 1}}}, "app\\api\\leads.py": {"executed_lines": [3, 4, 6, 7, 9, 10, 11, 12, 13, 14, 16, 22, 27, 28, 51, 52, 78, 79, 97, 98, 126, 127, 155, 156], "summary": {"covered_lines": 24, "num_statements": 89, "percent_covered": 26.96629213483146, "percent_covered_display": "27", "missing_lines": 65, "excluded_lines": 0, "percent_statements_covered": 26.96629213483146, "percent_statements_covered_display": "27"}, "missing_lines": [24, 37, 38, 39, 40, 41, 42, 43, 44, 45, 46, 47, 48, 63, 65, 66, 68, 70, 88, 89, 91, 92, 94, 108, 109, 110, 112, 113, 115, 116, 117, 118, 119, 120, 121, 122, 123, 137, 138, 139, 141, 142, 144, 145, 146, 147, 148, 149, 150, 151, 152, 165, 166, 167, 169, 170, 172, 173, 174, 175, 176, 177, 178, 179, 180], "excluded_lines": [], "functions": {"_lead_service": {"executed_lines": [], "summary": {"covered_lines": 0, "num_statements": 1, "percent_covered": 0.0, "percent_covered_display": "0", "missing_lines": 1, "excluded_lines": 0, "percent_statements_covered": 0.0, "percent_statements_covered_display": "0"}, "missing_lines": [24], "excluded_lines": [], "start_line": 22}, "create_lead": {"executed_lines": [], "summary": {"covered_lines": 0, "num_statements": 12, "percent_covered": 0.0, "percent_covered_display": "0", "missing_lines": 12, "excluded_lines": 0, "percent_statements_covered": 0.0, "percent_statements_covered_display": "0"}, "missing_lines": [37, 38, 39, 40, 41, 42, 43, 44, 45, 46, 47, 48], "excluded_lines": [], "start_line": 28}, "list_leads": {"executed_lines": [], "summary": {"covered_lines": 0, "num_statements": 5, "percent_covered": 0.0, "percent_covered_display": "0", "missing_lines": 5, "excluded_lines": 0, "percent_statements_covered": 0.0, "percent_statements_covered_display": "0"}, "missing_lines": [63, 65, 66, 68, 70], "excluded_lines": [], "start_line": 52}, "get_lead": {"executed_lines": [], "summary": {"covered_lines": 0, "num_statements": 5, "percent_covered": 0.0, "percent_covered_display": "0", "missing_lines": 5, "excluded_lines": 0, "percent_statements_covered": 0.0, "percent_statements_covered_display": "0"}, "missing_lines": [88, 89, 91, 92, 94], "excluded_lines": [], "start_line": 79}, "update_lead": {"executed_lines": [], "summary": {"covered_lines": 0, "num_statements": 14, "percent_covered": 0.0, "percent_covered_display": "0", "missing_lines": 14, "excluded_lines": 0, "percent_statements_covered": 0.0, "percent_statements_covered_display": "0"}, "missing_lines": [108, 109, 110, 112, 113, 115, 116, 117, 118, 119, 120, 121, 122, 123], "excluded_lines": [], "start_line": 98}, "assign_lead": {"executed_lines": [], "summary": {"covered_lines": 0, "num_statements": 14, "percent_covered": 0.0, "percent_covered_display": "0", "missing_lines": 14, "excluded_lines": 0, "percent_statements_covered": 0.0, "percent_statements_covered_display": "0"}, "missing_lines": [137, 138, 139, 141, 142, 144, 145, 146, 147, 148, 149, 150, 151, 152], "excluded_lines": [], "start_line": 127}, "delete_lead": {"executed_lines": [], "summary": {"covered_lines": 0, "num_statements": 14, "percent_covered": 0.0, "percent_covered_display": "0", "missing_lines": 14, "excluded_lines": 0, "percent_statements_covered": 0.0, "percent_statements_covered_display": "0"}, "missing_lines": [165, 166, 167, 169, 170, 172, 173, 174, 175, 176, 177, 178, 179, 180], "excluded_lines": [], "start_line": 156}, "": {"executed_lines": [3, 4, 6, 7, 9, 10, 11, 12, 13, 14, 16, 22, 27, 28, 51, 52, 78, 79, 97, 98, 126, 127, 155, 156], "summary": {"covered_lines": 24, "num_statements": 24, "percent_covered": 100.0, "percent_covered_display": "100", "missing_lines": 0, "excluded_lines": 0, "percent_statements_covered": 100.0, "percent_statements_covered_display": "100"}, "missing_lines": [], "excluded_lines": [], "start_line": 1}}, "classes": {"": {"executed_lines": [3, 4, 6, 7, 9, 10, 11, 12, 13, 14, 16, 22, 27, 28, 51, 52, 78, 79, 97, 98, 126, 127, 155, 156], "summary": {"covered_lines": 24, "num_statements": 89, "percent_covered": 26.96629213483146, "percent_covered_display": "27", "missing_lines": 65, "excluded_lines": 0, "percent_statements_covered": 26.96629213483146, "percent_statements_covered_display": "27"}, "missing_lines": [24, 37, 38, 39, 40, 41, 42, 43, 44, 45, 46, 47, 48, 63, 65, 66, 68, 70, 88, 8
[...]
_covered": 100.0, "percent_statements_covered_display": "100"}, "missing_lines": [], "excluded_lines": [], "start_line": 45}, "SMTPEmailProvider": {"executed_lines": [83, 86, 87, 88, 89, 90, 91, 92, 93, 94], "summary": {"covered_lines": 10, "num_statements": 66, "percent_covered": 15.151515151515152, "percent_covered_display": "15", "missing_lines": 56, "excluded_lines": 0, "percent_statements_covered": 15.151515151515152, "percent_statements_covered_display": "15"}, "missing_lines": [84, 107, 108, 109, 110, 111, 113, 114, 115, 116, 117, 118, 119, 120, 122, 129, 130, 131, 133, 135, 136, 137, 138, 139, 140, 141, 143, 144, 145, 146, 147, 148, 149, 150, 154, 159, 166, 167, 171, 172, 176, 177, 181, 182, 186, 187, 188, 189, 190, 191, 193, 194, 198, 199, 203, 204], "excluded_lines": [], "start_line": 65}, "": {"executed_lines": [3, 5, 6, 7, 8, 9, 10, 11, 12, 13, 15, 18, 19, 22, 23, 24, 25, 26, 29, 32, 37, 41, 45, 48, 50, 51, 65, 68, 70, 96, 210, 211, 213], "summary": {"covered_lines": 33, "num_statements": 33, "percent_covered": 100.0, "percent_covered_display": "100", "missing_lines": 0, "excluded_lines": 0, "percent_statements_covered": 100.0, "percent_statements_covered_display": "100"}, "missing_lines": [], "excluded_lines": [], "start_line": 1}}}, "app\\workflow_engine\\executor.py": {"executed_lines": [3, 5, 6, 7, 8, 10, 12, 13, 14, 15, 16, 17, 19, 22, 33, 40, 41, 42, 43, 45, 47, 48, 49, 65, 66, 78, 80, 81, 82, 83, 84, 85, 86, 87, 88, 89, 90, 91, 101, 106, 107, 108, 109, 111, 112, 113, 117, 118, 124, 125, 126, 127, 128, 129, 130, 131, 144, 146, 147, 148, 150, 151, 152, 153, 166, 168, 169, 170, 184, 185, 187, 188, 189, 190, 192, 193, 194, 195, 196, 197, 212, 213, 214, 219, 221, 224, 225, 227, 228, 229, 230, 231, 232, 233, 234, 235, 236, 249, 250, 264, 266, 267, 268, 276, 289, 290, 298, 299], "summary": {"covered_lines": 108, "num_statements": 108, "percent_covered": 100.0, "percent_covered_display": "100", "missing_lines": 0, "excluded_lines": 0, "percent_statements_covered": 100.0, "percent_statements_covered_display": "100"}, "missing_lines": [], "excluded_lines": [], "functions": {"WorkflowExecutor.__init__": {"executed_lines": [40, 41, 42, 43], "summary": {"covered_lines": 4, "num_statements": 4, "percent_covered": 100.0, "percent_covered_display": "100", "missing_lines": 0, "excluded_lines": 0, "percent_statements_covered": 100.0, "percent_statements_covered_display": "100"}, "missing_lines": [], "excluded_lines": [], "start_line": 33}, "WorkflowExecutor.execute_next_run": {"executed_lines": [47, 48, 49, 65, 66, 78, 80, 81, 82, 83, 84, 85, 86, 87, 88, 89, 90, 91, 101, 106, 107, 108, 109, 111, 112, 113, 117, 118, 124, 125, 126, 127, 128, 129, 130, 131, 144, 146, 147, 148, 150, 151, 152, 153, 166, 168, 169, 170, 184, 185, 187, 188, 189, 190, 192, 193, 194, 195, 196, 197, 212, 213, 214, 219, 221, 224, 225, 227, 228, 229, 230, 231, 232, 233, 234, 235, 236, 249, 250], "summary": {"covered_lines": 79, "num_statements": 79, "percent_covered": 100.0, "percent_covered_display": "100", "missing_lines": 0, "excluded_lines": 0, "percent_statements_covered": 100.0, "percent_statements_covered_display": "100"}, "missing_lines": [], "excluded_lines": [], "start_line": 45}, "WorkflowExecutor._build_action_context": {"executed_lines": [266, 267, 268, 276], "summary": {"covered_lines": 4, "num_statements": 4, "percent_covered": 100.0, "percent_covered_display": "100", "missing_lines": 0, "excluded_lines": 0, "percent_statements_covered": 100.0, "percent_statements_covered_display": "100"}, "missing_lines": [], "excluded_lines": [], "start_line": 264}, "WorkflowExecutor._compute_retry_delay_seconds": {"executed_lines": [298, 299], "summary": {"covered_lines": 2, "num_statements": 2, "percent_covered": 100.0, "percent_covered_display": "100", "missing_lines": 0, "excluded_lines": 0, "percent_statements_covered": 100.0, "percent_statements_covered_display": "100"}, "missing_lines": [], "excluded_lines": [], "start_line": 290}, "": {"executed_lines": [3, 5, 6, 7, 8, 10, 12, 13, 14, 15, 16, 17, 19, 22, 33, 45, 264, 289, 290], "summary": {"covered_lines": 19, "num_statements": 19, "percent_covered": 100.0, "percent_covered_display": "100", "missing_lines": 0, "excluded_lines": 0, "percent_statements_covered": 100.0, "percent_statements_covered_display": "100"}, "missing_lines": [], "excluded_lines": [], "start_line": 1}}, "classes": {"WorkflowExecutor": {"executed_lines": [40, 41, 42, 43, 47, 48, 49, 65, 66, 78, 80, 81, 82, 83, 84, 85, 86, 87, 88, 89, 90, 91, 101, 106, 107, 108, 109, 111, 112, 113, 117, 118, 124, 125, 126, 127, 128, 129, 130, 131, 144, 146, 147, 148, 150, 151, 152, 153, 166, 168, 169, 170, 184, 185, 187, 188, 189, 190, 192, 193, 194, 195, 196, 197, 212, 213, 214, 219, 221, 224, 225, 227, 228, 229, 230, 231, 232, 233, 234, 235, 236, 249, 250, 266, 267, 268, 276, 298, 299], "summary": {"covered_lines": 89, "num_statements": 89, "percent_covered": 100.0, "percent_covered_display": "100", "missing_lines": 0, "excluded_lines": 0, "percent_statements_covered": 100.0, "percent_statements_covered_display": "100"}, "missing_lines": [], "excluded_lines": [], "start_line": 22}, "": {"executed_lines": [3, 5, 6, 7, 8, 10, 12, 13, 14, 15, 16, 17, 19, 22, 33, 45, 264, 289, 290], "summary": {"covered_lines": 19, "num_statements": 19, "percent_covered": 100.0, "percent_covered_display": "100", "missing_lines": 0, "excluded_lines": 0, "percent_statements_covered": 100.0, "percent_statements_covered_display": "100"}, "missing_lines": [], "excluded_lines": [], "start_line": 1}}}, "app\\workflow_engine\\handlers\\__init__.py": {"executed_lines": [3, 4, 5, 6, 8], "summary": {"covered_lines": 5, "num_statements": 5, "percent_covered": 100.0, "percent_covered_display": "100", "missing_lines": 0, "excluded_lines": 0, "percent_statements_covered": 100.0, "percent_statements_covered_display": "100"}, "missing_lines": [], "excluded_lines": [], "functions": {"": {"executed_lines": [3, 4, 5, 6, 8], "summary": {"covered_lines": 5, "num_statements": 5, "percent_covered": 100.0, "percent_covered_display": "100", "missing_lines": 0, "excluded_lines": 0, "percent_statements_covered": 100.0, "percent_statements_covered_display": "100"}, "missing_lines": [], "excluded_lines": [], "start_line": 1}}, "classes": {"": {"executed_lines": [3, 4, 5, 6, 8], "summary": {"covered_lines": 5, "num_statements": 5, "percent_covered": 100.0, "percent_covered_display": "100", "missing_lines": 0, "excluded_lines": 0, "percent_statements_covered": 100.0, "percent_statements_covered_display": "100"}, "missing_lines": [], "excluded_lines": [], "start_line": 1}}}, "app\\workflow_engine\\handlers\\create_task.py": {"executed_lines": [3, 5, 6, 7, 9, 10, 12, 13, 14, 15, 16, 18, 21, 24, 26], "summary": {"covered_lines": 15, "num_statements": 60, "percent_covered": 25.0, "percent_covered_display": "25", "missing_lines": 45, "excluded_lines": 0, "percent_statements_covered": 25.0, "percent_statements_covered_display": "25"}, "missing_lines": [37, 40, 41, 43, 44, 45, 47, 48, 50, 51, 52, 53, 54, 55, 61, 62, 69, 70, 71, 77, 78, 79, 80, 87, 88, 89, 91, 92, 93, 94, 95, 100, 101, 110, 111, 113, 118, 119, 120, 125, 126, 127, 132, 133, 134], "excluded_lines": [], "functions": {"CreateTaskHandler.execute": {"executed_lines": [], "summary": {"covered_lines": 0, "num_statements": 45, "percent_covered": 0.0, "percent_covered_display": "0", "missing_lines": 45, "excluded_lines": 0, "percent_statements_covered": 0.0, "percent_statements_covered_display": "0"}, "missing_lines": [37, 40, 41, 43, 44, 45, 47, 48, 50, 51, 52, 53, 54, 55, 61, 62, 69, 70, 71, 77, 78, 79, 80, 87, 88, 89, 91, 92, 93, 94, 95, 100, 101, 110, 111, 113, 118, 119, 120, 125, 126, 127, 132, 133, 134], "excluded_lines": [], "start_line": 26}, "": {"executed_lines": [3, 5, 6, 7, 9, 10, 12, 13, 14, 15, 16, 18, 21, 24, 26], "summary": {"covered_lines": 15, "num_statements": 15, "percent_covered": 100.0, "percent_covered_display": "100", "missing_lines": 0, "excluded_lines": 0, "percent_statements_covered": 100.0, "percent_statements_covered_display": "100"}, "missing_lines": [], "excluded_lines": [], "start_line": 1}}, "classes": {"CreateTaskHandler": {"executed_lines": [], "summary": {"covered_lines": 0, "num_statements": 45, "percent_covered": 0.0, "percent_covered_display": "0", "missing_lines": 45, "excluded_lines": 0, "percent_statements_covered": 0.0, "percent_statements_covered_display": "0"}, "missing_lines": [37, 40, 41, 43, 44, 45, 47, 48, 50, 51, 52, 53, 54, 55, 61, 62, 69, 70, 71, 77, 78, 79, 80, 87, 88, 89, 91, 92, 93, 94, 95, 100, 101, 110, 111, 113, 118, 119, 120, 125, 126, 127, 132, 133, 134], "excluded_lines": [], "start_line": 21}, "": {"executed_lines": [3, 5, 6, 7, 9, 10, 12, 13, 14, 15, 16, 18, 21, 24, 26], "summary": {"covered_lines": 15, "num_statements": 15, "percent_covered": 100.0, "percent_covered_display": "100", "missing_lines": 0, "excluded_lines": 0, "percent_statements_covered": 100.0, "percent_statements_covered_display": "100"}, "missing_lines": [], "excluded_lines": [], "start_line": 1}}}, "app\\workflow_engine\\handlers\\log_handler.py": {"executed_lines": [3, 5, 7, 9, 10, 13, 16, 18, 26, 27, 29], "summary": {"covered_lines": 11, "num_statements": 11, "percent_covered": 100.0, "percent_covered_display": "100", "missing_lines": 0, "excluded_lines": 0, "percent_statements_covered": 100.0, "percent_statements_covered_display": "100"}, "missing_lines": [], "excluded_lines": [], "functions": {"LogActionHandler.execute": {"executed_lines": [26, 27, 29], "summary": {"covered_lines": 3, "num_statements": 3, "percent_covered": 100.0, "percent_covered_display": "100", "missing_lines": 0, "excluded_lines": 0, "percent_statements_covered": 100.0, "percent_statements_covered_display": "100"}, "missing_lines": [], "excluded_lines": [], "start_line": 18}, "": {"executed_lines": [3, 5, 7, 9, 10, 13, 16, 18], "summary": {"covered_lines": 8, "num_statements": 8, "percent_covered": 100.0, "percent_covered_display": "100", "missing_lines": 0, "excluded_lines": 0, "percent_statements_covered": 100.0, "percent_statements_covered_display": "100"}, "missing_lines": [], "excluded_lines": [], "start_line": 1}}, "classes": {"LogActionHandler": {"executed_lines": [26, 27, 29], "summary": {"covered_lines": 3, "num_statements": 3, "percent_covered": 100.0, "percent_covered_display": "100", "missing_lines": 0, "excluded_lines": 0, "percent_statements_covered": 100.0, "percent_statements_covered_display": "100"}, "missing_lines": [], "excluded_lines": [], "start_line": 13}, "": {"executed_lines": [3, 5, 7, 9, 10, 13, 16, 18], "summary": {"covered_lines": 8, "num_statements": 8, "percent_covered": 100.0, "percent_covered_display": "100", "missing_lines": 0, "excluded_lines": 0, "percent_statements_covered": 100.0, "percent_statements_covered_display": "100"}, "missing_lines": [], "excluded_lines": [], "start_line": 1}}}, "app\\workflow_engine\\handlers\\send_email.py": {"executed_lines": [3, 5, 6, 7, 9, 11, 12, 13, 14, 15, 22, 24, 27, 30, 32, 33, 35, 46, 48, 49, 50, 51, 52, 57, 62, 63, 69, 70, 75, 76, 81, 82, 88, 89, 102, 103, 109, 110, 132, 145, 146, 148, 149, 150, 151, 152, 154], "summary": {"covered_lines": 47, "num_statements": 50, "percent_covered": 94.0, "percent_covered_display": "94", "missing_lines": 3, "excluded_lines": 3, "percent_statements_covered": 94.0, "percent_statements_covered_display": "94"}, "missing_lines": [116, 117, 153], "excluded_lines": [123, 124, 125], "functions": {"SendEmailHandler.__init__": {"executed_lines": [33], "summary": {"covered_lines": 1, "num_statements": 1, "percent_covered": 100.0, "percent_covered_display": "100", "missing_lines": 0, "excluded_lines": 0, "percent_statements_covered": 100.0, "percent_statements_covered_display": "100"}, "missing_lines": [], "excluded_lines": [], "start_line": 32}, "SendEmailHandler.execute": {"executed_lines": [46, 48, 49, 50, 51, 52, 57, 62, 63, 69, 70, 75, 76, 81, 82, 88, 89, 102, 103, 109, 110, 132], "summary": {"covered_lines": 22, "num_statements": 24, "percent_covered": 91.66666666666667, "percent_covered_display": "92", "missing_lines": 2, "excluded_lines": 3, "percent_statements_covered": 91.66666666666667, "percent_statements_covered_display": "92"}, "missing_lines": [116, 117], "excluded_lines": [123, 124, 125], "start_line": 35}, "SendEmailHandler._is_valid_email": {"executed_lines": [148, 149, 150, 151, 152, 154], "summary": {"covered_lines": 6, "num_statements": 7, "percent_covered": 85.71428571428571, "percent_covered_display": "86", "missing_lines": 1, "excluded_lines": 0, "percent_statements_covered": 85.71428571428571, "percent_statements_covered_display": "86"}, "missing_lines": [153], "excluded_lines": [], "start_line": 146}, "": {"executed_lines": [3, 5, 6, 7, 9, 11, 12, 13, 14, 15, 22, 24, 27, 30, 32, 35, 145, 146], "summary": {"covered_lines": 18, "num_statements": 18, "percent_covered": 100.0, "percent_covered_display": "100", "missing_lines": 0, "excluded_lines": 0, "percent_statements_covered": 100.0, "percent_statements_covered_display": "100"}, "missing_lines": [], "excluded_lines": [], "start_line": 1}}, "classes": {"SendEmailHandler": {"executed_lines": [33, 46, 48, 49, 50, 51, 52, 57, 62, 63, 69, 70, 75, 76, 81, 82, 88, 89, 102, 103, 109, 110, 132, 148, 149, 150, 151, 152, 154], "summary": {"covered_lines": 29, "num_statements": 32, "percent_covered": 90.625, "percent_covered_display": "91", "missing_lines": 3, "excluded_lines": 3, "percent_statements_covered": 90.625, "percent_statements_covered_display": "91"}, "missing_lines": [116, 117, 153], "excluded_lines": [123, 124, 125], "start_line": 27}, "": {"executed_lines": [3, 5, 6, 7, 9, 11, 12, 13, 14, 15, 22, 24, 27, 30, 32, 35, 145, 146], "summary": {"covered_lines": 18, "num_statements": 18, "percent_covered": 100.0, "percent_covered_display": "100", "missing_lines": 0, "excluded_lines": 0, "percent_statements_covered": 100.0, "percent_statements_covered_display": "100"}, "missing_lines": [], "excluded_lines": [], "start_line": 1}}}, "app\\workflow_engine\\handlers\\webhook_handler.py": {"executed_lines": [3, 5, 7, 8, 10, 11, 12, 13, 14, 17, 20, 21, 22, 24, 32, 34, 35, 36, 40, 41, 42, 48, 50, 51, 58, 64, 65, 70, 71, 83, 84, 85, 92, 93, 99, 100, 105], "summary": {"covered_lines": 37, "num_statements": 40, "percent_covered": 92.5, "percent_covered_display": "92", "missing_lines": 3, "excluded_lines": 0, "percent_statements_covered": 92.5, "percent_statements_covered_display": "92"}, "missing_lines": [59, 76, 77], "excluded_lines": [], "functions": {"WebhookHandler.execute": {"executed_lines": [32, 34, 35, 36, 40, 41, 42, 48, 50, 51, 58, 64, 65, 70, 71, 83, 84, 85, 92, 93, 99, 100, 105], "summary": {"covered_lines": 23, "num_statements": 26, "percent_covered": 88.46153846153847, "percent_covered_display": "88", "missing_lines": 3, "excluded_lines": 0, "percent_statements_covered": 88.46153846153847, "percent_statements_covered_display": "88"}, "missing_lines": [59, 76, 77], "excluded_lines": [], "start_line": 24}, "": {"executed_lines": [3, 5, 7, 8, 10, 11, 12, 13, 14, 17, 20, 21, 22, 24], "summary": {"covered_lines": 14, "num_statements": 14, "percent_covered": 100.0, "percent_covered_display": "100", "missing_lines": 0, "excluded_lines": 0, "percent_statements_covered": 100.0, "percent_statements_covered_display": "100"}, "missing_lines": [], "excluded_lines": [], "start_line": 1}}, "classes": {"WebhookHandler": {"executed_lines": [32, 34, 35, 36, 40, 41, 42, 48, 50, 51, 58, 64, 65, 70, 71, 83, 84, 85, 92, 93, 99, 100, 105], "summary": {"covered_lines": 23, "num_statements": 26, "percent_covered": 88.46153846153847, "percent_covered_display": "88", "missing_lines": 3, "excluded_lines": 0, "percent_statements_covered": 88.46153846153847, "percent_statements_covered_display": "88"}, "missing_lines": [59, 76, 77], "excluded_lines": [], "start_line": 17}, "": {"executed_lines": [3, 5, 7, 8, 10, 11, 12, 13, 14, 17, 20, 21, 22, 24], "summary": {"covered_lines": 14, "num_statements": 14, "percent_covered": 100.0, "percent_covered_display": "100", "missing_lines": 0, "excluded_lines": 0, "percent_statements_covered": 100.0, "percent_statements_covered_display": "100"}, "missing_lines": [], "excluded_lines": [], "start_line": 1}}}, "app\\workflow_engine\\registry.py": {"executed_lines": [3, 5, 6, 14, 16, 17, 18, 19, 20, 21], "summary": {"covered_lines": 10, "num_statements": 10, "percent_covered": 100.0, "percent_covered_display": "100", "missing_lines": 0, "excluded_lines": 0, "percent_statements_covered": 100.0, "percent_statements_covered_display": "100"}, "missing_lines": [], "excluded_lines": [], "functions": {"build_default_action_registry": {"executed_lines": [16, 17, 18, 19, 20, 21], "summary": {"covered_lines": 6, "num_statements": 6, "percent_covered": 100.0, "percent_covered_display": "100", "missing_lines": 0, "excluded_lines": 0, "percent_statements_covered": 100.0, "percent_statements_covered_display": "100"}, "missing_lines": [], "excluded_lines": [], "start_line": 14}, "": {"executed_lines": [3, 5, 6, 14], "summary": {"covered_lines": 4, "num_statements": 4, "percent_covered": 100.0, "percent_covered_display": "100", "missing_lines": 0, "excluded_lines": 0, "percent_statements_covered": 100.0, "percent_statements_covered_display": "100"}, "missing_lines": [], "excluded_lines": [], "start_line": 1}}, "classes": {"": {"executed_lines": [3, 5, 6, 14, 16, 17, 18, 19, 20, 21], "summary": {"covered_lines": 10, "num_statements": 10, "percent_covered": 100.0, "percent_covered_display": "100", "missing_lines": 0, "excluded_lines": 0, "percent_statements_covered": 100.0, "percent_statements_covered_display": "100"}, "missing_lines": [], "excluded_lines": [], "start_line": 1}}}, "app\\workflow_engine\\template_renderer.py": {"executed_lines": [3, 5, 6, 8, 10, 13, 22, 25, 38, 39, 40, 41, 42, 43, 53, 54], "summary": {"covered_lines": 16, "num_statements": 17, "percent_covered": 94.11764705882354, "percent_covered_display": "94", "missing_lines": 1, "excluded_lines": 0, "percent_statements_covered": 94.11764705882354, "percent_statements_covered_display": "94"}, "missing_lines": [64], "excluded_lines": [], "functions": {"render_template_string": {"executed_lines": [22], "summary": {"covered_lines": 1, "num_statements": 1, "percent_covered": 100.0, "percent_covered_display": "100", "missing_lines": 0, "excluded_lines": 0, "percent_statements_covered": 100.0, "percent_statements_covered_display": "100"}, "missing_lines": [], "excluded_lines": [], "start_line": 13}, "render_template_value": {"executed_lines": [38, 39, 40, 41, 42, 43, 53, 54], "summary": {"covered_lines": 8, "num_statements": 9, "percent_covered": 88.88888888888889, "percent_covered_display": "89", "missing_lines": 1, "excluded_lines": 0, "percent_statements_covered": 88.88888888888889, "percent_statements_covered_display": "89"}, "missing_lines": [64], "excluded_lines": [], "start_line": 25}, "": {"executed_lines": [3, 5, 6, 8, 10, 13, 25], "summary": {"covered_lines": 7, "num_statements": 7, "percent_covered": 100.0, "percent_covered_display": "100", "missing_lines": 0, "excluded_lines": 0, "percent_statements_covered": 100.0, "percent_statements_covered_display": "100"}, "missing_lines": [], "excluded_lines": [], "start_line": 1}}, "classes": {"": {"executed_lines": [3, 5, 6, 8, 10, 13, 22, 25, 38, 39, 40, 41, 42, 43, 53, 54], "summary": {"covered_lines": 16, "num_statements": 17, "percent_covered": 94.11764705882354, "percent_covered_display": "94", "missing_lines": 1, "excluded_lines": 0, "percent_statements_covered": 94.11764705882354, "percent_statements_covered_display": "94"}, "missing_lines": [64], "excluded_lines": [], "start_line": 1}}}}, "totals": {"covered_lines": 5119, "num_statements": 6687, "percent_covered": 76.55151787049499, "percent_covered_display": "77", "missing_lines": 1568, "excluded_lines": 3, "percent_statements_covered": 76.55151787049499, "percent_statements_covered_display": "77"}}